{"/home/travis/build/npmtest/node-npmtest-xhr2/test.js":{"path":"/home/travis/build/npmtest/node-npmtest-xhr2/test.js","s":{"1":2,"2":2,"3":2,"4":2,"5":2,"6":2,"7":2,"8":1,"9":2,"10":2,"11":1,"12":1,"13":1,"14":1,"15":2,"16":2,"17":2,"18":2,"19":1,"20":1,"21":2,"22":2,"23":2,"24":1,"25":1,"26":1,"27":1,"28":1,"29":1,"30":1,"31":1,"32":1,"33":1,"34":1,"35":1,"36":1,"37":1,"38":1,"39":2,"40":2,"41":1,"42":2,"43":2,"44":1,"45":2,"46":2,"47":1,"48":2,"49":2,"50":1,"51":1,"52":1,"53":1,"54":1},"b":{"1":[2,1,1,1],"2":[1,1,1,1],"3":[1,1],"4":[1,1],"5":[1,1],"6":[1,1],"7":[1,1],"8":[1,1],"9":[1,1],"10":[1,1,1],"11":[1,1],"12":[1,1],"13":[1,1],"14":[1,1],"15":[1,1],"16":[1,1],"17":[1,1]},"f":{"1":2,"2":2,"3":2,"4":2,"5":2,"6":1,"7":1,"8":1,"9":2,"10":2,"11":2,"12":2,"13":1},"fnMap":{"1":{"name":"(anonymous_1)","line":12,"loc":{"start":{"line":12,"column":1},"end":{"line":12,"column":13}}},"2":{"name":"(anonymous_2)","line":19,"loc":{"start":{"line":19,"column":5},"end":{"line":19,"column":17}}},"3":{"name":"(anonymous_3)","line":23,"loc":{"start":{"line":23,"column":24},"end":{"line":23,"column":36}}},"4":{"name":"(anonymous_4)","line":61,"loc":{"start":{"line":61,"column":5},"end":{"line":61,"column":17}}},"5":{"name":"(anonymous_5)","line":82,"loc":{"start":{"line":82,"column":5},"end":{"line":82,"column":17}}},"6":{"name":"(anonymous_6)","line":91,"loc":{"start":{"line":91,"column":77},"end":{"line":94,"column":10}}},"7":{"name":"(anonymous_7)","line":112,"loc":{"start":{"line":112,"column":83},"end":{"line":115,"column":10}},"skip":true},"8":{"name":"(anonymous_8)","line":123,"loc":{"start":{"line":123,"column":77},"end":{"line":126,"column":10}},"skip":true},"9":{"name":"(anonymous_9)","line":139,"loc":{"start":{"line":139,"column":12},"end":{"line":139,"column":40}},"skip":true},"10":{"name":"(anonymous_10)","line":147,"loc":{"start":{"line":147,"column":77},"end":{"line":150,"column":10}},"skip":true},"11":{"name":"(anonymous_11)","line":158,"loc":{"start":{"line":158,"column":83},"end":{"line":161,"column":10}},"skip":true},"12":{"name":"(anonymous_12)","line":169,"loc":{"start":{"line":169,"column":79},"end":{"line":172,"column":10}},"skip":true},"13":{"name":"(anonymous_13)","line":180,"loc":{"start":{"line":180,"column":75},"end":{"line":183,"column":10}},"skip":true}},"statementMap":{"1":{"start":{"line":12,"column":0},"end":{"line":195,"column":5}},"2":{"start":{"line":14,"column":4},"end":{"line":14,"column":14}},"3":{"start":{"line":19,"column":4},"end":{"line":56,"column":9}},"4":{"start":{"line":21,"column":8},"end":{"line":21,"column":19}},"5":{"start":{"line":23,"column":8},"end":{"line":35,"column":13}},"6":{"start":{"line":24,"column":12},"end":{"line":34,"column":13}},"7":{"start":{"line":25,"column":16},"end":{"line":28,"column":30}},"8":{"start":{"line":30,"column":16},"end":{"line":33,"column":27}},"9":{"start":{"line":37,"column":8},"end":{"line":39,"column":21}},"10":{"start":{"line":40,"column":8},"end":{"line":53,"column":9}},"11":{"start":{"line":43,"column":12},"end":{"line":46,"column":14}},"12":{"start":{"line":47,"column":12},"end":{"line":47,"column":18}},"13":{"start":{"line":50,"column":12},"end":{"line":51,"column":33}},"14":{"start":{"line":52,"column":12},"end":{"line":52,"column":18}},"15":{"start":{"line":55,"column":8},"end":{"line":55,"column":35}},"16":{"start":{"line":61,"column":4},"end":{"line":63,"column":9}},"17":{"start":{"line":62,"column":8},"end":{"line":62,"column":15}},"18":{"start":{"line":64,"column":4},"end":{"line":77,"column":5}},"19":{"start":{"line":70,"column":8},"end":{"line":70,"column":14}},"20":{"start":{"line":76,"column":8},"end":{"line":76,"column":14}},"21":{"start":{"line":82,"column":4},"end":{"line":84,"column":9}},"22":{"start":{"line":83,"column":8},"end":{"line":83,"column":15}},"23":{"start":{"line":85,"column":4},"end":{"line":194,"column":5}},"24":{"start":{"line":91,"column":8},"end":{"line":99,"column":10}},"25":{"start":{"line":98,"column":12},"end":{"line":98,"column":35}},"26":{"start":{"line":102,"column":8},"end":{"line":104,"column":63}},"27":{"start":{"line":105,"column":8},"end":{"line":105,"column":14}},"28":{"start":{"line":112,"column":8},"end":{"line":121,"column":10},"skip":true},"29":{"start":{"line":119,"column":12},"end":{"line":119,"column":55},"skip":true},"30":{"start":{"line":120,"column":12},"end":{"line":120,"column":48},"skip":true},"31":{"start":{"line":123,"column":8},"end":{"line":136,"column":10},"skip":true},"32":{"start":{"line":130,"column":12},"end":{"line":130,"column":76},"skip":true},"33":{"start":{"line":131,"column":12},"end":{"line":131,"column":73},"skip":true},"34":{"start":{"line":132,"column":12},"end":{"line":132,"column":74},"skip":true},"35":{"start":{"line":133,"column":12},"end":{"line":133,"column":79},"skip":true},"36":{"start":{"line":134,"column":12},"end":{"line":134,"column":25},"skip":true},"37":{"start":{"line":135,"column":12},"end":{"line":135,"column":45},"skip":true},"38":{"start":{"line":138,"column":8},"end":{"line":145,"column":14},"skip":true},"39":{"start":{"line":143,"column":16},"end":{"line":143,"column":29},"skip":true},"40":{"start":{"line":144,"column":16},"end":{"line":144,"column":55},"skip":true},"41":{"start":{"line":147,"column":8},"end":{"line":156,"column":10},"skip":true},"42":{"start":{"line":154,"column":12},"end":{"line":154,"column":25},"skip":true},"43":{"start":{"line":155,"column":12},"end":{"line":155,"column":45},"skip":true},"44":{"start":{"line":158,"column":8},"end":{"line":167,"column":10},"skip":true},"45":{"start":{"line":165,"column":12},"end":{"line":165,"column":25},"skip":true},"46":{"start":{"line":166,"column":12},"end":{"line":166,"column":48},"skip":true},"47":{"start":{"line":169,"column":8},"end":{"line":178,"column":10},"skip":true},"48":{"start":{"line":176,"column":12},"end":{"line":176,"column":25},"skip":true},"49":{"start":{"line":177,"column":12},"end":{"line":177,"column":46},"skip":true},"50":{"start":{"line":180,"column":8},"end":{"line":189,"column":10},"skip":true},"51":{"start":{"line":187,"column":12},"end":{"line":187,"column":94},"skip":true},"52":{"start":{"line":188,"column":12},"end":{"line":188,"column":48},"skip":true},"53":{"start":{"line":192,"column":8},"end":{"line":192,"column":35},"skip":true},"54":{"start":{"line":193,"column":8},"end":{"line":193,"column":14},"skip":true}},"branchMap":{"1":{"line":25,"type":"binary-expr","locations":[{"start":{"line":25,"column":23},"end":{"line":25,"column":62}},{"start":{"line":26,"column":20},"end":{"line":26,"column":70}},{"start":{"line":27,"column":20},"end":{"line":27,"column":71}},{"start":{"line":28,"column":20},"end":{"line":28,"column":29}}]},"2":{"line":30,"type":"binary-expr","locations":[{"start":{"line":30,"column":23},"end":{"line":30,"column":37}},{"start":{"line":31,"column":20},"end":{"line":31,"column":61}},{"start":{"line":32,"column":20},"end":{"line":32,"column":70}},{"start":{"line":33,"column":20},"end":{"line":33,"column":26}}]},"3":{"line":37,"type":"cond-expr","locations":[{"start":{"line":38,"column":14},"end":{"line":38,"column":20}},{"start":{"line":39,"column":14},"end":{"line":39,"column":20}}]},"4":{"line":40,"type":"switch","locations":[{"start":{"line":42,"column":8},"end":{"line":47,"column":18}},{"start":{"line":49,"column":8},"end":{"line":52,"column":18}}]},"5":{"line":44,"type":"binary-expr","locations":[{"start":{"line":44,"column":16},"end":{"line":44,"column":44}},{"start":{"line":44,"column":48},"end":{"line":44,"column":66}}]},"6":{"line":50,"type":"binary-expr","locations":[{"start":{"line":50,"column":21},"end":{"line":50,"column":49}},{"start":{"line":50,"column":53},"end":{"line":50,"column":72}}]},"7":{"line":64,"type":"switch","locations":[{"start":{"line":69,"column":4},"end":{"line":70,"column":14}},{"start":{"line":75,"column":4},"end":{"line":76,"column":14}}]},"8":{"line":85,"type":"switch","locations":[{"start":{"line":90,"column":4},"end":{"line":105,"column":14}},{"start":{"line":111,"column":4},"end":{"line":193,"column":14},"skip":true}]},"9":{"line":91,"type":"binary-expr","locations":[{"start":{"line":91,"column":42},"end":{"line":91,"column":73}},{"start":{"line":91,"column":77},"end":{"line":99,"column":9}}]},"10":{"line":102,"type":"binary-expr","locations":[{"start":{"line":102,"column":18},"end":{"line":102,"column":32}},{"start":{"line":103,"column":12},"end":{"line":103,"column":53}},{"start":{"line":104,"column":12},"end":{"line":104,"column":61}}]},"11":{"line":112,"type":"binary-expr","locations":[{"start":{"line":112,"column":45},"end":{"line":112,"column":79},"skip":true},{"start":{"line":112,"column":83},"end":{"line":121,"column":9},"skip":true}]},"12":{"line":123,"type":"binary-expr","locations":[{"start":{"line":123,"column":42},"end":{"line":123,"column":73},"skip":true},{"start":{"line":123,"column":77},"end":{"line":136,"column":9},"skip":true}]},"13":{"line":138,"type":"binary-expr","locations":[{"start":{"line":138,"column":48},"end":{"line":138,"column":85},"skip":true},{"start":{"line":139,"column":12},"end":{"line":145,"column":13},"skip":true}]},"14":{"line":147,"type":"binary-expr","locations":[{"start":{"line":147,"column":42},"end":{"line":147,"column":73},"skip":true},{"start":{"line":147,"column":77},"end":{"line":156,"column":9},"skip":true}]},"15":{"line":158,"type":"binary-expr","locations":[{"start":{"line":158,"column":45},"end":{"line":158,"column":79},"skip":true},{"start":{"line":158,"column":83},"end":{"line":167,"column":9},"skip":true}]},"16":{"line":169,"type":"binary-expr","locations":[{"start":{"line":169,"column":43},"end":{"line":169,"column":75},"skip":true},{"start":{"line":169,"column":79},"end":{"line":178,"column":9},"skip":true}]},"17":{"line":180,"type":"binary-expr","locations":[{"start":{"line":180,"column":41},"end":{"line":180,"column":71},"skip":true},{"start":{"line":180,"column":75},"end":{"line":189,"column":9},"skip":true}]}},"code":["/* istanbul instrument in package npmtest_xhr2 */","/*jslint","    bitwise: true,","    browser: true,","    maxerr: 8,","    maxlen: 96,","    node: true,","    nomen: true,","    regexp: true,","    stupid: true","*/","(function () {","    'use strict';","    var local;","","","","    // run shared js-env code - init-before","    (function () {","        // init local","        local = {};","        // init modeJs","        local.modeJs = (function () {","            try {","                return typeof navigator.userAgent === 'string' &&","                    typeof document.querySelector('body') === 'object' &&","                    typeof XMLHttpRequest.prototype.open === 'function' &&","                    'browser';","            } catch (errorCaughtBrowser) {","                return module.exports &&","                    typeof process.versions.node === 'string' &&","                    typeof require('http').createServer === 'function' &&","                    'node';","            }","        }());","        // init global","        local.global = local.modeJs === 'browser'","            ? window","            : global;","        switch (local.modeJs) {","        // re-init local from window.local","        case 'browser':","            local = local.global.utility2.objectSetDefault(","                local.global.utility2_rollup || local.global.local,","                local.global.utility2","            );","            break;","        // re-init local from example.js","        case 'node':","            local = (local.global.utility2_rollup || require('utility2'))","                .requireReadme();","            break;","        }","        // export local","        local.global.local = local;","    }());","","","","    // run shared js-env code - function","    (function () {","        return;","    }());","    switch (local.modeJs) {","","","","    // run browser js-env code - function","    case 'browser':","        break;","","","","    // run node js-env code - function","    case 'node':","        break;","    }","","","","    // run shared js-env code - init-after","    (function () {","        return;","    }());","    switch (local.modeJs) {","","","","    // run browser js-env code - init-after","    case 'browser':","        local.testCase_browser_nullCase = local.testCase_browser_nullCase || function (","            options,","            onError","        ) {","        /*","         * this function will test browsers's null-case handling-behavior-behavior","         */","            onError(null, options);","        };","","        // run tests","        local.nop(local.modeTest &&","            document.querySelector('#testRunButton1') &&","            document.querySelector('#testRunButton1').click());","        break;","","","","    // run node js-env code - init-after","    /* istanbul ignore next */","    case 'node':","        local.testCase_buildApidoc_default = local.testCase_buildApidoc_default || function (","            options,","            onError","        ) {","        /*","         * this function will test buildApidoc's default handling-behavior-behavior","         */","            options = { modulePathList: module.paths };","            local.buildApidoc(options, onError);","        };","","        local.testCase_buildApp_default = local.testCase_buildApp_default || function (","            options,","            onError","        ) {","        /*","         * this function will test buildApp's default handling-behavior-behavior","         */","            local.testCase_buildReadme_default(options, local.onErrorThrow);","            local.testCase_buildLib_default(options, local.onErrorThrow);","            local.testCase_buildTest_default(options, local.onErrorThrow);","            local.testCase_buildCustomOrg_default(options, local.onErrorThrow);","            options = [];","            local.buildApp(options, onError);","        };","","        local.testCase_buildCustomOrg_default = local.testCase_buildCustomOrg_default ||","            function (options, onError) {","            /*","             * this function will test buildCustomOrg's default handling-behavior","             */","                options = {};","                local.buildCustomOrg(options, onError);","            };","","        local.testCase_buildLib_default = local.testCase_buildLib_default || function (","            options,","            onError","        ) {","        /*","         * this function will test buildLib's default handling-behavior","         */","            options = {};","            local.buildLib(options, onError);","        };","","        local.testCase_buildReadme_default = local.testCase_buildReadme_default || function (","            options,","            onError","        ) {","        /*","         * this function will test buildReadme's default handling-behavior-behavior","         */","            options = {};","            local.buildReadme(options, onError);","        };","","        local.testCase_buildTest_default = local.testCase_buildTest_default || function (","            options,","            onError","        ) {","        /*","         * this function will test buildTest's default handling-behavior","         */","            options = {};","            local.buildTest(options, onError);","        };","","        local.testCase_webpage_default = local.testCase_webpage_default || function (","            options,","            onError","        ) {","        /*","         * this function will test webpage's default handling-behavior","         */","            options = { modeCoverageMerge: true, url: local.serverLocalHost + '?modeTest=1' };","            local.browserTest(options, onError);","        };","","        // run test-server","        local.testRunServer(local);","        break;","    }","}());",""],"l":{"12":2,"14":2,"19":2,"21":2,"23":2,"24":2,"25":2,"30":1,"37":2,"40":2,"43":1,"47":1,"50":1,"52":1,"55":2,"61":2,"62":2,"64":2,"70":1,"76":1,"82":2,"83":2,"85":2,"91":1,"98":1,"102":1,"105":1,"112":1,"119":1,"120":1,"123":1,"130":1,"131":1,"132":1,"133":1,"134":1,"135":1,"138":1,"143":2,"144":2,"147":1,"154":2,"155":2,"158":1,"165":2,"166":2,"169":1,"176":2,"177":2,"180":1,"187":1,"188":1,"192":1,"193":1}},"/home/travis/build/npmtest/node-npmtest-xhr2/lib.npmtest_xhr2.js":{"path":"/home/travis/build/npmtest/node-npmtest-xhr2/lib.npmtest_xhr2.js","s":{"1":2,"2":2,"3":2,"4":2,"5":2,"6":2,"7":2,"8":1,"9":2,"10":2,"11":2,"12":2,"13":1,"14":1,"15":1,"16":1},"b":{"1":[2,1,1,1],"2":[1,1,1,1],"3":[1,1],"4":[2,2],"5":[1,1]},"f":{"1":2,"2":2,"3":2},"fnMap":{"1":{"name":"(anonymous_1)","line":12,"loc":{"start":{"line":12,"column":1},"end":{"line":12,"column":13}}},"2":{"name":"(anonymous_2)","line":19,"loc":{"start":{"line":19,"column":5},"end":{"line":19,"column":17}}},"3":{"name":"(anonymous_3)","line":23,"loc":{"start":{"line":23,"column":24},"end":{"line":23,"column":36}}}},"statementMap":{"1":{"start":{"line":12,"column":0},"end":{"line":53,"column":5}},"2":{"start":{"line":14,"column":4},"end":{"line":14,"column":14}},"3":{"start":{"line":19,"column":4},"end":{"line":52,"column":9}},"4":{"start":{"line":21,"column":8},"end":{"line":21,"column":19}},"5":{"start":{"line":23,"column":8},"end":{"line":35,"column":13}},"6":{"start":{"line":24,"column":12},"end":{"line":34,"column":13}},"7":{"start":{"line":25,"column":16},"end":{"line":28,"column":30}},"8":{"start":{"line":30,"column":16},"end":{"line":33,"column":27}},"9":{"start":{"line":37,"column":8},"end":{"line":39,"column":21}},"10":{"start":{"line":41,"column":8},"end":{"line":41,"column":54}},"11":{"start":{"line":43,"column":8},"end":{"line":43,"column":49}},"12":{"start":{"line":45,"column":8},"end":{"line":51,"column":9}},"13":{"start":{"line":46,"column":12},"end":{"line":46,"column":55}},"14":{"start":{"line":48,"column":12},"end":{"line":48,"column":35}},"15":{"start":{"line":49,"column":12},"end":{"line":49,"column":49}},"16":{"start":{"line":50,"column":12},"end":{"line":50,"column":43}}},"branchMap":{"1":{"line":25,"type":"binary-expr","locations":[{"start":{"line":25,"column":23},"end":{"line":25,"column":62}},{"start":{"line":26,"column":20},"end":{"line":26,"column":70}},{"start":{"line":27,"column":20},"end":{"line":27,"column":71}},{"start":{"line":28,"column":20},"end":{"line":28,"column":29}}]},"2":{"line":30,"type":"binary-expr","locations":[{"start":{"line":30,"column":23},"end":{"line":30,"column":37}},{"start":{"line":31,"column":20},"end":{"line":31,"column":61}},{"start":{"line":32,"column":20},"end":{"line":32,"column":70}},{"start":{"line":33,"column":20},"end":{"line":33,"column":26}}]},"3":{"line":37,"type":"cond-expr","locations":[{"start":{"line":38,"column":14},"end":{"line":38,"column":20}},{"start":{"line":39,"column":14},"end":{"line":39,"column":20}}]},"4":{"line":41,"type":"binary-expr","locations":[{"start":{"line":41,"column":16},"end":{"line":41,"column":44}},{"start":{"line":41,"column":48},"end":{"line":41,"column":53}}]},"5":{"line":45,"type":"if","locations":[{"start":{"line":45,"column":8},"end":{"line":45,"column":8}},{"start":{"line":45,"column":8},"end":{"line":45,"column":8}}]}},"code":["/* istanbul instrument in package npmtest_xhr2 */","/*jslint","    bitwise: true,","    browser: true,","    maxerr: 8,","    maxlen: 96,","    node: true,","    nomen: true,","    regexp: true,","    stupid: true","*/","(function () {","    'use strict';","    var local;","","","","    // run shared js-env code - init-before","    (function () {","        // init local","        local = {};","        // init modeJs","        local.modeJs = (function () {","            try {","                return typeof navigator.userAgent === 'string' &&","                    typeof document.querySelector('body') === 'object' &&","                    typeof XMLHttpRequest.prototype.open === 'function' &&","                    'browser';","            } catch (errorCaughtBrowser) {","                return module.exports &&","                    typeof process.versions.node === 'string' &&","                    typeof require('http').createServer === 'function' &&","                    'node';","            }","        }());","        // init global","        local.global = local.modeJs === 'browser'","            ? window","            : global;","        // init utility2_rollup","        local = local.global.utility2_rollup || local;","        // init lib","        local.local = local.npmtest_xhr2 = local;","        // init exports","        if (local.modeJs === 'browser') {","            local.global.utility2_npmtest_xhr2 = local;","        } else {","            module.exports = local;","            module.exports.__dirname = __dirname;","            module.exports.module = module;","        }","    }());","}());",""],"l":{"12":2,"14":2,"19":2,"21":2,"23":2,"24":2,"25":2,"30":1,"37":2,"41":2,"43":2,"45":2,"46":1,"48":1,"49":1,"50":1}},"/home/travis/build/npmtest/node-npmtest-xhr2/example.js":{"path":"/home/travis/build/npmtest/node-npmtest-xhr2/example.js","s":{"1":2,"2":2,"3":2,"4":2,"5":2,"6":2,"7":2,"8":1,"9":2,"10":2,"11":2,"12":2,"13":1,"14":2,"15":2,"16":2,"17":2,"18":2,"19":0,"20":2,"21":1,"22":1,"23":1,"24":1,"25":1,"26":0,"27":0,"28":1,"29":1,"30":2,"31":0,"32":0,"33":0,"34":1,"35":2,"36":2,"37":3,"38":3,"39":3,"40":3,"41":0,"42":3,"43":3,"44":3,"45":1,"46":3,"47":1,"48":1,"49":1,"50":1,"51":1,"52":1,"53":1,"54":1,"55":1,"56":1,"57":0,"58":1,"59":6,"60":6,"61":1,"62":2,"63":0,"64":2,"65":1,"66":1,"67":0,"68":0,"69":0,"70":0,"71":0,"72":0,"73":0,"74":0,"75":0,"76":0,"77":0,"78":0,"79":0,"80":0,"81":0,"82":0,"83":0},"b":{"1":[2,1,1,1],"2":[1,1,1,1],"3":[1,1],"4":[2,2],"5":[1,1],"6":[1,1],"7":[2,0],"8":[2,1,1,1,1,1],"9":[0,2,0],"10":[1,1],"11":[2,1,1],"12":[1,0],"13":[0,2],"14":[2,0,0,0,0,0,0],"15":[0,3],"16":[3,0],"17":[1,1],"18":[0,1],"19":[1,2,0,2],"20":[1,0],"21":[1,1],"22":[0,0],"23":[0,0],"24":[0,0],"25":[0,0],"26":[0,0],"27":[0,0],"28":[0,0]},"f":{"1":2,"2":2,"3":2,"4":2,"5":2,"6":2,"7":3,"8":3,"9":3,"10":1,"11":6,"12":0},"fnMap":{"1":{"name":"(anonymous_1)","line":26,"loc":{"start":{"line":26,"column":1},"end":{"line":26,"column":13}}},"2":{"name":"(anonymous_2)","line":33,"loc":{"start":{"line":33,"column":5},"end":{"line":33,"column":17}}},"3":{"name":"(anonymous_3)","line":37,"loc":{"start":{"line":37,"column":24},"end":{"line":37,"column":36}}},"4":{"name":"(anonymous_4)","line":69,"loc":{"start":{"line":69,"column":31},"end":{"line":69,"column":48}},"skip":true},"5":{"name":"(anonymous_5)","line":78,"loc":{"start":{"line":78,"column":26},"end":{"line":78,"column":45}},"skip":true},"6":{"name":"(anonymous_6)","line":123,"loc":{"start":{"line":123,"column":33},"end":{"line":123,"column":48}},"skip":true},"7":{"name":"(anonymous_7)","line":125,"loc":{"start":{"line":125,"column":27},"end":{"line":125,"column":39}},"skip":true},"8":{"name":"(anonymous_8)","line":133,"loc":{"start":{"line":133,"column":59},"end":{"line":133,"column":74}},"skip":true},"9":{"name":"(anonymous_9)","line":143,"loc":{"start":{"line":143,"column":45},"end":{"line":143,"column":62}},"skip":true},"10":{"name":"(anonymous_10)","line":144,"loc":{"start":{"line":144,"column":73},"end":{"line":144,"column":92}},"skip":true},"11":{"name":"(anonymous_11)","line":272,"loc":{"start":{"line":272,"column":51},"end":{"line":272,"column":77}},"skip":true},"12":{"name":"(anonymous_12)","line":315,"loc":{"start":{"line":315,"column":32},"end":{"line":315,"column":61}},"skip":true}},"statementMap":{"1":{"start":{"line":26,"column":0},"end":{"line":326,"column":5}},"2":{"start":{"line":28,"column":4},"end":{"line":28,"column":14}},"3":{"start":{"line":33,"column":4},"end":{"line":60,"column":9}},"4":{"start":{"line":35,"column":8},"end":{"line":35,"column":19}},"5":{"start":{"line":37,"column":8},"end":{"line":49,"column":13}},"6":{"start":{"line":38,"column":12},"end":{"line":48,"column":13}},"7":{"start":{"line":39,"column":16},"end":{"line":42,"column":30}},"8":{"start":{"line":44,"column":16},"end":{"line":47,"column":27}},"9":{"start":{"line":51,"column":8},"end":{"line":53,"column":21}},"10":{"start":{"line":55,"column":8},"end":{"line":57,"column":45}},"11":{"start":{"line":59,"column":8},"end":{"line":59,"column":35}},"12":{"start":{"line":61,"column":4},"end":{"line":325,"column":5}},"13":{"start":{"line":69,"column":8},"end":{"line":121,"column":10},"skip":true},"14":{"start":{"line":70,"column":12},"end":{"line":88,"column":13},"skip":true},"15":{"start":{"line":76,"column":16},"end":{"line":87,"column":19},"skip":true},"16":{"start":{"line":79,"column":20},"end":{"line":86,"column":21},"skip":true},"17":{"start":{"line":82,"column":24},"end":{"line":82,"column":43},"skip":true},"18":{"start":{"line":83,"column":24},"end":{"line":83,"column":30},"skip":true},"19":{"start":{"line":85,"column":24},"end":{"line":85,"column":49},"skip":true},"20":{"start":{"line":89,"column":12},"end":{"line":107,"column":13},"skip":true},"21":{"start":{"line":92,"column":16},"end":{"line":102,"column":17},"skip":true},"22":{"start":{"line":93,"column":20},"end":{"line":93,"column":86},"skip":true},"23":{"start":{"line":94,"column":20},"end":{"line":95,"column":45},"skip":true},"24":{"start":{"line":96,"column":20},"end":{"line":96,"column":42},"skip":true},"25":{"start":{"line":97,"column":20},"end":{"line":97,"column":48},"skip":true},"26":{"start":{"line":100,"column":20},"end":{"line":100,"column":85},"skip":true},"27":{"start":{"line":101,"column":20},"end":{"line":101,"column":96},"skip":true},"28":{"start":{"line":103,"column":16},"end":{"line":103,"column":22},"skip":true},"29":{"start":{"line":106,"column":16},"end":{"line":106,"column":22},"skip":true},"30":{"start":{"line":108,"column":12},"end":{"line":120,"column":13},"skip":true},"31":{"start":{"line":114,"column":16},"end":{"line":119,"column":17},"skip":true},"32":{"start":{"line":116,"column":20},"end":{"line":116,"column":78},"skip":true},"33":{"start":{"line":118,"column":20},"end":{"line":118,"column":47},"skip":true},"34":{"start":{"line":123,"column":8},"end":{"line":141,"column":11},"skip":true},"35":{"start":{"line":124,"column":12},"end":{"line":124,"column":54},"skip":true},"36":{"start":{"line":125,"column":12},"end":{"line":140,"column":14},"skip":true},"37":{"start":{"line":126,"column":16},"end":{"line":126,"column":28},"skip":true},"38":{"start":{"line":127,"column":16},"end":{"line":127,"column":69},"skip":true},"39":{"start":{"line":128,"column":16},"end":{"line":128,"column":75},"skip":true},"40":{"start":{"line":129,"column":16},"end":{"line":131,"column":17},"skip":true},"41":{"start":{"line":130,"column":20},"end":{"line":130,"column":27},"skip":true},"42":{"start":{"line":133,"column":16},"end":{"line":137,"column":36},"skip":true},"43":{"start":{"line":134,"column":20},"end":{"line":136,"column":55},"skip":true},"44":{"start":{"line":139,"column":16},"end":{"line":139,"column":57},"skip":true},"45":{"start":{"line":143,"column":8},"end":{"line":147,"column":11},"skip":true},"46":{"start":{"line":144,"column":12},"end":{"line":146,"column":15},"skip":true},"47":{"start":{"line":145,"column":16},"end":{"line":145,"column":70},"skip":true},"48":{"start":{"line":149,"column":8},"end":{"line":149,"column":31},"skip":true},"49":{"start":{"line":150,"column":8},"end":{"line":150,"column":14},"skip":true},"50":{"start":{"line":158,"column":8},"end":{"line":158,"column":31},"skip":true},"51":{"start":{"line":160,"column":8},"end":{"line":160,"column":33},"skip":true},"52":{"start":{"line":161,"column":8},"end":{"line":161,"column":37},"skip":true},"53":{"start":{"line":162,"column":8},"end":{"line":162,"column":35},"skip":true},"54":{"start":{"line":164,"column":8},"end":{"line":164,"column":50},"skip":true},"55":{"start":{"line":166,"column":8},"end":{"line":256,"column":2},"skip":true},"56":{"start":{"line":258,"column":8},"end":{"line":286,"column":9},"skip":true},"57":{"start":{"line":259,"column":12},"end":{"line":269,"column":14},"skip":true},"58":{"start":{"line":271,"column":12},"end":{"line":285,"column":19},"skip":true},"59":{"start":{"line":274,"column":20},"end":{"line":274,"column":35},"skip":true},"60":{"start":{"line":275,"column":20},"end":{"line":284,"column":21},"skip":true},"61":{"start":{"line":277,"column":24},"end":{"line":277,"column":64},"skip":true},"62":{"start":{"line":279,"column":24},"end":{"line":279,"column":40},"skip":true},"63":{"start":{"line":281,"column":24},"end":{"line":281,"column":40},"skip":true},"64":{"start":{"line":283,"column":24},"end":{"line":283,"column":39},"skip":true},"65":{"start":{"line":288,"column":8},"end":{"line":290,"column":9},"skip":true},"66":{"start":{"line":289,"column":12},"end":{"line":289,"column":18},"skip":true},"67":{"start":{"line":291,"column":8},"end":{"line":293,"column":54},"skip":true},"68":{"start":{"line":296,"column":8},"end":{"line":301,"column":37},"skip":true},"69":{"start":{"line":303,"column":8},"end":{"line":303,"column":82},"skip":true},"70":{"start":{"line":306,"column":8},"end":{"line":308,"column":9},"skip":true},"71":{"start":{"line":307,"column":12},"end":{"line":307,"column":82},"skip":true},"72":{"start":{"line":310,"column":8},"end":{"line":312,"column":9},"skip":true},"73":{"start":{"line":311,"column":12},"end":{"line":311,"column":18},"skip":true},"74":{"start":{"line":313,"column":8},"end":{"line":313,"column":54},"skip":true},"75":{"start":{"line":314,"column":8},"end":{"line":314,"column":69},"skip":true},"76":{"start":{"line":315,"column":8},"end":{"line":323,"column":36},"skip":true},"77":{"start":{"line":316,"column":12},"end":{"line":316,"column":61},"skip":true},"78":{"start":{"line":317,"column":12},"end":{"line":320,"column":13},"skip":true},"79":{"start":{"line":318,"column":16},"end":{"line":318,"column":75},"skip":true},"80":{"start":{"line":319,"column":16},"end":{"line":319,"column":23},"skip":true},"81":{"start":{"line":321,"column":12},"end":{"line":321,"column":38},"skip":true},"82":{"start":{"line":322,"column":12},"end":{"line":322,"column":27},"skip":true},"83":{"start":{"line":324,"column":8},"end":{"line":324,"column":14},"skip":true}},"branchMap":{"1":{"line":39,"type":"binary-expr","locations":[{"start":{"line":39,"column":23},"end":{"line":39,"column":62}},{"start":{"line":40,"column":20},"end":{"line":40,"column":70}},{"start":{"line":41,"column":20},"end":{"line":41,"column":71}},{"start":{"line":42,"column":20},"end":{"line":42,"column":29}}]},"2":{"line":44,"type":"binary-expr","locations":[{"start":{"line":44,"column":23},"end":{"line":44,"column":37}},{"start":{"line":45,"column":20},"end":{"line":45,"column":61}},{"start":{"line":46,"column":20},"end":{"line":46,"column":70}},{"start":{"line":47,"column":20},"end":{"line":47,"column":26}}]},"3":{"line":51,"type":"cond-expr","locations":[{"start":{"line":52,"column":14},"end":{"line":52,"column":20}},{"start":{"line":53,"column":14},"end":{"line":53,"column":20}}]},"4":{"line":55,"type":"binary-expr","locations":[{"start":{"line":55,"column":16},"end":{"line":55,"column":44}},{"start":{"line":55,"column":49},"end":{"line":57,"column":43}}]},"5":{"line":55,"type":"cond-expr","locations":[{"start":{"line":56,"column":14},"end":{"line":56,"column":48}},{"start":{"line":57,"column":14},"end":{"line":57,"column":43}}]},"6":{"line":61,"type":"switch","locations":[{"start":{"line":68,"column":4},"end":{"line":150,"column":14},"skip":true},{"start":{"line":156,"column":4},"end":{"line":324,"column":14},"skip":true}]},"7":{"line":70,"type":"if","locations":[{"start":{"line":70,"column":12},"end":{"line":70,"column":12},"skip":true},{"start":{"line":70,"column":12},"end":{"line":70,"column":12},"skip":true}]},"8":{"line":70,"type":"binary-expr","locations":[{"start":{"line":70,"column":16},"end":{"line":70,"column":22},"skip":true},{"start":{"line":70,"column":27},"end":{"line":70,"column":32},"skip":true},{"start":{"line":71,"column":20},"end":{"line":71,"column":39},"skip":true},{"start":{"line":72,"column":20},"end":{"line":72,"column":49},"skip":true},{"start":{"line":73,"column":20},"end":{"line":73,"column":58},"skip":true},{"start":{"line":74,"column":20},"end":{"line":74,"column":69},"skip":true}]},"9":{"line":79,"type":"switch","locations":[{"start":{"line":80,"column":20},"end":{"line":80,"column":33},"skip":true},{"start":{"line":81,"column":20},"end":{"line":83,"column":30},"skip":true},{"start":{"line":84,"column":20},"end":{"line":85,"column":49},"skip":true}]},"10":{"line":89,"type":"switch","locations":[{"start":{"line":90,"column":12},"end":{"line":103,"column":22},"skip":true},{"start":{"line":105,"column":12},"end":{"line":106,"column":22},"skip":true}]},"11":{"line":89,"type":"binary-expr","locations":[{"start":{"line":89,"column":20},"end":{"line":89,"column":25},"skip":true},{"start":{"line":89,"column":29},"end":{"line":89,"column":48},"skip":true},{"start":{"line":89,"column":52},"end":{"line":89,"column":74},"skip":true}]},"12":{"line":92,"type":"if","locations":[{"start":{"line":92,"column":16},"end":{"line":92,"column":16},"skip":true},{"start":{"line":92,"column":16},"end":{"line":92,"column":16},"skip":true}]},"13":{"line":108,"type":"if","locations":[{"start":{"line":108,"column":12},"end":{"line":108,"column":12},"skip":true},{"start":{"line":108,"column":12},"end":{"line":108,"column":12},"skip":true}]},"14":{"line":108,"type":"binary-expr","locations":[{"start":{"line":108,"column":16},"end":{"line":108,"column":61},"skip":true},{"start":{"line":108,"column":66},"end":{"line":108,"column":72},"skip":true},{"start":{"line":108,"column":77},"end":{"line":108,"column":82},"skip":true},{"start":{"line":109,"column":20},"end":{"line":109,"column":39},"skip":true},{"start":{"line":110,"column":20},"end":{"line":110,"column":49},"skip":true},{"start":{"line":111,"column":20},"end":{"line":111,"column":58},"skip":true},{"start":{"line":112,"column":20},"end":{"line":112,"column":68},"skip":true}]},"15":{"line":129,"type":"if","locations":[{"start":{"line":129,"column":16},"end":{"line":129,"column":16},"skip":true},{"start":{"line":129,"column":16},"end":{"line":129,"column":16},"skip":true}]},"16":{"line":134,"type":"cond-expr","locations":[{"start":{"line":135,"column":26},"end":{"line":135,"column":29},"skip":true},{"start":{"line":136,"column":26},"end":{"line":136,"column":54},"skip":true}]},"17":{"line":164,"type":"binary-expr","locations":[{"start":{"line":164,"column":27},"end":{"line":164,"column":43},"skip":true},{"start":{"line":164,"column":47},"end":{"line":164,"column":49},"skip":true}]},"18":{"line":258,"type":"if","locations":[{"start":{"line":258,"column":8},"end":{"line":258,"column":8},"skip":true},{"start":{"line":258,"column":8},"end":{"line":258,"column":8},"skip":true}]},"19":{"line":275,"type":"switch","locations":[{"start":{"line":276,"column":20},"end":{"line":277,"column":64},"skip":true},{"start":{"line":278,"column":20},"end":{"line":279,"column":40},"skip":true},{"start":{"line":280,"column":20},"end":{"line":281,"column":40},"skip":true},{"start":{"line":282,"column":20},"end":{"line":283,"column":39},"skip":true}]},"20":{"line":288,"type":"if","locations":[{"start":{"line":288,"column":8},"end":{"line":288,"column":8},"skip":true},{"start":{"line":288,"column":8},"end":{"line":288,"column":8},"skip":true}]},"21":{"line":288,"type":"binary-expr","locations":[{"start":{"line":288,"column":12},"end":{"line":288,"column":40},"skip":true},{"start":{"line":288,"column":44},"end":{"line":288,"column":67},"skip":true}]},"22":{"line":292,"type":"binary-expr","locations":[{"start":{"line":292,"column":12},"end":{"line":292,"column":50},"skip":true},{"start":{"line":293,"column":12},"end":{"line":293,"column":53},"skip":true}]},"23":{"line":297,"type":"binary-expr","locations":[{"start":{"line":297,"column":12},"end":{"line":297,"column":62},"skip":true},{"start":{"line":298,"column":12},"end":{"line":301,"column":36},"skip":true}]},"24":{"line":303,"type":"binary-expr","locations":[{"start":{"line":303,"column":43},"end":{"line":303,"column":75},"skip":true},{"start":{"line":303,"column":79},"end":{"line":303,"column":81},"skip":true}]},"25":{"line":306,"type":"if","locations":[{"start":{"line":306,"column":8},"end":{"line":306,"column":8},"skip":true},{"start":{"line":306,"column":8},"end":{"line":306,"column":8},"skip":true}]},"26":{"line":310,"type":"if","locations":[{"start":{"line":310,"column":8},"end":{"line":310,"column":8},"skip":true},{"start":{"line":310,"column":8},"end":{"line":310,"column":8},"skip":true}]},"27":{"line":313,"type":"binary-expr","locations":[{"start":{"line":313,"column":27},"end":{"line":313,"column":43},"skip":true},{"start":{"line":313,"column":47},"end":{"line":313,"column":53},"skip":true}]},"28":{"line":317,"type":"if","locations":[{"start":{"line":317,"column":12},"end":{"line":317,"column":12},"skip":true},{"start":{"line":317,"column":12},"end":{"line":317,"column":12},"skip":true}]}},"code":["/*","example.js","","quickstart example","","instruction","    1. save this script as example.js","    2. run the shell command:","        $ npm install npmtest-xhr2 && PORT=8081 node example.js","    3. play with the browser-demo on http://127.0.0.1:8081","*/","","","","/* istanbul instrument in package npmtest_xhr2 */","/*jslint","    bitwise: true,","    browser: true,","    maxerr: 8,","    maxlen: 96,","    node: true,","    nomen: true,","    regexp: true,","    stupid: true","*/","(function () {","    'use strict';","    var local;","","","","    // run shared js-env code - init-before","    (function () {","        // init local","        local = {};","        // init modeJs","        local.modeJs = (function () {","            try {","                return typeof navigator.userAgent === 'string' &&","                    typeof document.querySelector('body') === 'object' &&","                    typeof XMLHttpRequest.prototype.open === 'function' &&","                    'browser';","            } catch (errorCaughtBrowser) {","                return module.exports &&","                    typeof process.versions.node === 'string' &&","                    typeof require('http').createServer === 'function' &&","                    'node';","            }","        }());","        // init global","        local.global = local.modeJs === 'browser'","            ? window","            : global;","        // init utility2_rollup","        local = local.global.utility2_rollup || (local.modeJs === 'browser'","            ? local.global.utility2_npmtest_xhr2","            : global.utility2_moduleExports);","        // export local","        local.global.local = local;","    }());","    switch (local.modeJs) {","","","","    // init-after","    // run browser js-env code - init-after","    /* istanbul ignore next */","    case 'browser':","        local.testRunBrowser = function (event) {","            if (!event || (event &&","                    event.currentTarget &&","                    event.currentTarget.className &&","                    event.currentTarget.className.includes &&","                    event.currentTarget.className.includes('onreset'))) {","                // reset output","                Array.from(","                    document.querySelectorAll('body > .resettable')","                ).forEach(function (element) {","                    switch (element.tagName) {","                    case 'INPUT':","                    case 'TEXTAREA':","                        element.value = '';","                        break;","                    default:","                        element.textContent = '';","                    }","                });","            }","            switch (event && event.currentTarget && event.currentTarget.id) {","            case 'testRunButton1':","                // show tests","                if (document.querySelector('#testReportDiv1').style.display === 'none') {","                    document.querySelector('#testReportDiv1').style.display = 'block';","                    document.querySelector('#testRunButton1').textContent =","                        'hide internal test';","                    local.modeTest = true;","                    local.testRunDefault(local);","                // hide tests","                } else {","                    document.querySelector('#testReportDiv1').style.display = 'none';","                    document.querySelector('#testRunButton1').textContent = 'run internal test';","                }","                break;","            // custom-case","            default:","                break;","            }","            if (document.querySelector('#inputTextareaEval1') && (!event || (event &&","                    event.currentTarget &&","                    event.currentTarget.className &&","                    event.currentTarget.className.includes &&","                    event.currentTarget.className.includes('oneval')))) {","                // try to eval input-code","                try {","                    /*jslint evil: true*/","                    eval(document.querySelector('#inputTextareaEval1').value);","                } catch (errorCaught) {","                    console.error(errorCaught);","                }","            }","        };","        // log stderr and stdout to #outputTextareaStdout1","        ['error', 'log'].forEach(function (key) {","            console[key + '_original'] = console[key];","            console[key] = function () {","                var element;","                console[key + '_original'].apply(console, arguments);","                element = document.querySelector('#outputTextareaStdout1');","                if (!element) {","                    return;","                }","                // append text to #outputTextareaStdout1","                element.value += Array.from(arguments).map(function (arg) {","                    return typeof arg === 'string'","                        ? arg","                        : JSON.stringify(arg, null, 4);","                }).join(' ') + '\\n';","                // scroll textarea to bottom","                element.scrollTop = element.scrollHeight;","            };","        });","        // init event-handling","        ['change', 'click', 'keyup'].forEach(function (event) {","            Array.from(document.querySelectorAll('.on' + event)).forEach(function (element) {","                element.addEventListener(event, local.testRunBrowser);","            });","        });","        // run tests","        local.testRunBrowser();","        break;","","","","    // run node js-env code - init-after","    /* istanbul ignore next */","    case 'node':","        // export local","        module.exports = local;","        // require modules","        local.fs = require('fs');","        local.http = require('http');","        local.url = require('url');","        // init assets","        local.assetsDict = local.assetsDict || {};","        /* jslint-ignore-begin */","        local.assetsDict['/assets.index.template.html'] = '\\","<!doctype html>\\n\\","<html lang=\"en\">\\n\\","<head>\\n\\","<meta charset=\"UTF-8\">\\n\\","<meta name=\"viewport\" content=\"width=device-width, initial-scale=1\">\\n\\","<title>{{env.npm_package_name}} (v{{env.npm_package_version}})</title>\\n\\","<style>\\n\\","/*csslint\\n\\","    box-sizing: false,\\n\\","    universal-selector: false\\n\\","*/\\n\\","* {\\n\\","    box-sizing: border-box;\\n\\","}\\n\\","body {\\n\\","    background: #dde;\\n\\","    font-family: Arial, Helvetica, sans-serif;\\n\\","    margin: 2rem;\\n\\","}\\n\\","body > * {\\n\\","    margin-bottom: 1rem;\\n\\","}\\n\\",".utility2FooterDiv {\\n\\","    margin-top: 20px;\\n\\","    text-align: center;\\n\\","}\\n\\","</style>\\n\\","<style>\\n\\","/*csslint\\n\\","*/\\n\\","textarea {\\n\\","    font-family: monospace;\\n\\","    height: 10rem;\\n\\","    width: 100%;\\n\\","}\\n\\","textarea[readonly] {\\n\\","    background: #ddd;\\n\\","}\\n\\","</style>\\n\\","</head>\\n\\","<body>\\n\\","<!-- utility2-comment\\n\\","<div id=\"ajaxProgressDiv1\" style=\"background: #d00; height: 2px; left: 0; margin: 0; padding: 0; position: fixed; top: 0; transition: background 0.5s, width 1.5s; width: 25%;\"></div>\\n\\","utility2-comment -->\\n\\","<h1>\\n\\","<!-- utility2-comment\\n\\","    <a\\n\\","        {{#if env.npm_package_homepage}}\\n\\","        href=\"{{env.npm_package_homepage}}\"\\n\\","        {{/if env.npm_package_homepage}}\\n\\","        target=\"_blank\"\\n\\","    >\\n\\","utility2-comment -->\\n\\","        {{env.npm_package_name}} (v{{env.npm_package_version}})\\n\\","<!-- utility2-comment\\n\\","    </a>\\n\\","utility2-comment -->\\n\\","</h1>\\n\\","<h3>{{env.npm_package_description}}</h3>\\n\\","<!-- utility2-comment\\n\\","<h4><a download href=\"assets.app.js\">download standalone app</a></h4>\\n\\","<button class=\"onclick onreset\" id=\"testRunButton1\">run internal test</button><br>\\n\\","<div id=\"testReportDiv1\" style=\"display: none;\"></div>\\n\\","utility2-comment -->\\n\\","\\n\\","\\n\\","\\n\\","<label>stderr and stdout</label>\\n\\","<textarea class=\"resettable\" id=\"outputTextareaStdout1\" readonly></textarea>\\n\\","<!-- utility2-comment\\n\\","{{#if isRollup}}\\n\\","<script src=\"assets.app.js\"></script>\\n\\","{{#unless isRollup}}\\n\\","utility2-comment -->\\n\\","<script src=\"assets.utility2.rollup.js\"></script>\\n\\","<script src=\"jsonp.utility2._stateInit?callback=window.utility2._stateInit\"></script>\\n\\","<script src=\"assets.npmtest_xhr2.rollup.js\"></script>\\n\\","<script src=\"assets.example.js\"></script>\\n\\","<script src=\"assets.test.js\"></script>\\n\\","<!-- utility2-comment\\n\\","{{/if isRollup}}\\n\\","utility2-comment -->\\n\\","<div class=\"utility2FooterDiv\">\\n\\","    [ this app was created with\\n\\","    <a href=\"https://github.com/kaizhu256/node-utility2\" target=\"_blank\">utility2</a>\\n\\","    ]\\n\\","</div>\\n\\","</body>\\n\\","</html>\\n\\","';","        /* jslint-ignore-end */","        if (local.templateRender) {","            local.assetsDict['/'] = local.templateRender(","                local.assetsDict['/assets.index.template.html'],","                {","                    env: local.objectSetDefault(local.env, {","                        npm_package_description: 'the greatest app in the world!',","                        npm_package_name: 'my-app',","                        npm_package_nameAlias: 'my_app',","                        npm_package_version: '0.0.1'","                    })","                }","            );","        } else {","            local.assetsDict['/'] = local.assetsDict['/assets.index.template.html']","                .replace((/\\{\\{env\\.(\\w+?)\\}\\}/g), function (match0, match1) {","                    // jslint-hack","                    String(match0);","                    switch (match1) {","                    case 'npm_package_description':","                        return 'the greatest app in the world!';","                    case 'npm_package_name':","                        return 'my-app';","                    case 'npm_package_nameAlias':","                        return 'my_app';","                    case 'npm_package_version':","                        return '0.0.1';","                    }","                });","        }","        // run the cli","        if (local.global.utility2_rollup || module !== require.main) {","            break;","        }","        local.assetsDict['/assets.example.js'] =","            local.assetsDict['/assets.example.js'] ||","            local.fs.readFileSync(__filename, 'utf8');","        // bug-workaround - long $npm_package_buildCustomOrg","        /* jslint-ignore-begin */","        local.assetsDict['/assets.npmtest_xhr2.rollup.js'] =","            local.assetsDict['/assets.npmtest_xhr2.rollup.js'] ||","            local.fs.readFileSync(","                local.npmtest_xhr2.__dirname + '/lib.npmtest_xhr2.js',","                'utf8'","            ).replace((/^#!/), '//');","        /* jslint-ignore-end */","        local.assetsDict['/favicon.ico'] = local.assetsDict['/favicon.ico'] || '';","        // if $npm_config_timeout_exit exists,","        // then exit this process after $npm_config_timeout_exit ms","        if (Number(process.env.npm_config_timeout_exit)) {","            setTimeout(process.exit, Number(process.env.npm_config_timeout_exit));","        }","        // start server","        if (local.global.utility2_serverHttp1) {","            break;","        }","        process.env.PORT = process.env.PORT || '8081';","        console.error('server starting on port ' + process.env.PORT);","        local.http.createServer(function (request, response) {","            request.urlParsed = local.url.parse(request.url);","            if (local.assetsDict[request.urlParsed.pathname] !== undefined) {","                response.end(local.assetsDict[request.urlParsed.pathname]);","                return;","            }","            response.statusCode = 404;","            response.end();","        }).listen(process.env.PORT);","        break;","    }","}());",""],"l":{"26":2,"28":2,"33":2,"35":2,"37":2,"38":2,"39":2,"44":1,"51":2,"55":2,"59":2,"61":2,"69":1,"70":2,"76":2,"79":2,"82":2,"83":2,"85":1,"89":2,"92":1,"93":1,"94":1,"96":1,"97":1,"100":1,"101":1,"103":1,"106":1,"108":2,"114":1,"116":1,"118":1,"123":1,"124":2,"125":2,"126":3,"127":3,"128":3,"129":3,"130":1,"133":3,"134":3,"139":3,"143":1,"144":3,"145":1,"149":1,"150":1,"158":1,"160":1,"161":1,"162":1,"164":1,"166":1,"258":1,"259":1,"271":1,"274":6,"275":6,"277":1,"279":2,"281":1,"283":2,"288":1,"289":1,"291":1,"296":1,"303":1,"306":1,"307":1,"310":1,"311":1,"313":1,"314":1,"315":1,"316":1,"317":1,"318":1,"319":1,"321":1,"322":1,"324":1}},"/home/travis/build/npmtest/node-npmtest-xhr2/node_modules/xhr2/lib/xhr2.js":{"path":"/home/travis/build/npmtest/node-npmtest-xhr2/node_modules/xhr2/lib/xhr2.js","s":{"1":1,"2":1,"3":7,"4":10,"5":10,"6":1,"7":7,"8":7,"9":7,"10":7,"11":7,"12":1,"13":1,"14":0,"15":0,"16":0,"17":0,"18":0,"19":0,"20":0,"21":0,"22":1,"23":1,"24":1,"25":1,"26":1,"27":1,"28":1,"29":1,"30":0,"31":0,"32":0,"33":0,"34":0,"35":1,"36":0,"37":0,"38":0,"39":0,"40":0,"41":0,"42":0,"43":1,"44":0,"45":0,"46":0,"47":0,"48":0,"49":0,"50":0,"51":0,"52":0,"53":0,"54":1,"55":1,"56":1,"57":1,"58":1,"59":1,"60":1,"61":1,"62":0,"63":0,"64":0,"65":0,"66":0,"67":0,"68":0,"69":0,"70":0,"71":0,"72":0,"73":0,"74":0,"75":0,"76":0,"77":0,"78":0,"79":0,"80":0,"81":0,"82":0,"83":0,"84":0,"85":0,"86":0,"87":0,"88":0,"89":1,"90":1,"91":1,"92":1,"93":1,"94":1,"95":1,"96":1,"97":1,"98":0,"99":0,"100":0,"101":0,"102":0,"103":0,"104":0,"105":0,"106":0,"107":0,"108":0,"109":0,"110":0,"111":0,"112":0,"113":0,"114":0,"115":0,"116":0,"117":0,"118":0,"119":0,"120":0,"121":0,"122":0,"123":0,"124":0,"125":0,"126":1,"127":0,"128":0,"129":0,"130":0,"131":0,"132":0,"133":0,"134":0,"135":0,"136":0,"137":0,"138":0,"139":0,"140":0,"141":1,"142":0,"143":0,"144":0,"145":0,"146":0,"147":0,"148":0,"149":0,"150":0,"151":0,"152":0,"153":1,"154":0,"155":0,"156":0,"157":0,"158":0,"159":0,"160":0,"161":1,"162":0,"163":0,"164":0,"165":0,"166":0,"167":0,"168":0,"169":1,"170":0,"171":0,"172":0,"173":0,"174":0,"175":0,"176":0,"177":0,"178":0,"179":0,"180":0,"181":0,"182":1,"183":0,"184":0,"185":0,"186":0,"187":1,"188":0,"189":0,"190":0,"191":0,"192":0,"193":0,"194":0,"195":0,"196":0,"197":0,"198":0,"199":0,"200":0,"201":1,"202":0,"203":0,"204":1,"205":1,"206":1,"207":1,"208":1,"209":1,"210":1,"211":1,"212":1,"213":1,"214":1,"215":1,"216":1,"217":1,"218":1,"219":1,"220":1,"221":1,"222":0,"223":0,"224":0,"225":0,"226":0,"227":1,"228":0,"229":0,"230":0,"231":1,"232":0,"233":0,"234":0,"235":0,"236":0,"237":0,"238":0,"239":0,"240":0,"241":0,"242":1,"243":0,"244":0,"245":0,"246":0,"247":0,"248":0,"249":0,"250":0,"251":0,"252":0,"253":0,"254":0,"255":0,"256":0,"257":0,"258":0,"259":0,"260":0,"261":0,"262":0,"263":0,"264":0,"265":1,"266":0,"267":0,"268":0,"269":0,"270":0,"271":0,"272":0,"273":1,"274":0,"275":0,"276":0,"277":0,"278":0,"279":0,"280":0,"281":0,"282":0,"283":0,"284":0,"285":0,"286":0,"287":0,"288":0,"289":0,"290":0,"291":0,"292":0,"293":0,"294":0,"295":0,"296":0,"297":0,"298":0,"299":0,"300":0,"301":0,"302":0,"303":0,"304":0,"305":0,"306":0,"307":0,"308":0,"309":1,"310":0,"311":0,"312":0,"313":0,"314":0,"315":0,"316":0,"317":1,"318":0,"319":0,"320":0,"321":0,"322":0,"323":0,"324":0,"325":0,"326":1,"327":0,"328":0,"329":0,"330":0,"331":0,"332":0,"333":0,"334":0,"335":0,"336":1,"337":0,"338":0,"339":0,"340":0,"341":0,"342":0,"343":0,"344":1,"345":0,"346":0,"347":0,"348":0,"349":0,"350":0,"351":0,"352":1,"353":0,"354":0,"355":0,"356":0,"357":0,"358":0,"359":0,"360":1,"361":0,"362":0,"363":0,"364":0,"365":0,"366":1,"367":0,"368":0,"369":0,"370":0,"371":0,"372":0,"373":0,"374":0,"375":0,"376":0,"377":0,"378":0,"379":0,"380":0,"381":0,"382":0,"383":0,"384":0,"385":1,"386":0,"387":0,"388":0,"389":0,"390":0,"391":0,"392":0,"393":0,"394":0,"395":0,"396":0,"397":0,"398":0,"399":0,"400":1,"401":0,"402":0,"403":0,"404":0,"405":0,"406":0,"407":0,"408":0,"409":0,"410":0,"411":0,"412":0,"413":0,"414":0,"415":0,"416":0,"417":0,"418":0,"419":0,"420":0,"421":0,"422":0,"423":0,"424":0,"425":0,"426":0,"427":1,"428":0,"429":0,"430":0,"431":0,"432":0,"433":0,"434":0,"435":1,"436":0,"437":0,"438":0,"439":0,"440":0,"441":0,"442":1,"443":0,"444":0,"445":0,"446":0,"447":0,"448":0,"449":0,"450":0,"451":0,"452":0,"453":0,"454":0,"455":0,"456":0,"457":0,"458":0,"459":1,"460":1,"461":1,"462":1,"463":1,"464":1,"465":0,"466":1,"467":1,"468":1,"469":1,"470":1,"471":0,"472":1,"473":1,"474":1,"475":1,"476":0,"477":1,"478":1,"479":1,"480":1,"481":1,"482":0,"483":1,"484":1,"485":1,"486":1,"487":1,"488":0,"489":1,"490":1,"491":1,"492":0,"493":0,"494":0,"495":0,"496":0,"497":0,"498":1,"499":1,"500":1,"501":1,"502":1,"503":1,"504":1,"505":1,"506":1,"507":1,"508":1,"509":0,"510":0,"511":0,"512":1,"513":0,"514":0,"515":0,"516":1,"517":0,"518":0,"519":0,"520":0,"521":0,"522":0,"523":0,"524":0,"525":0,"526":0,"527":0,"528":0,"529":0,"530":0,"531":0,"532":0,"533":0,"534":0,"535":0,"536":0,"537":0,"538":0,"539":0,"540":0,"541":1,"542":0,"543":0,"544":0,"545":0,"546":0,"547":0,"548":1,"549":0,"550":0,"551":0,"552":0,"553":1,"554":1},"b":{"1":[10,0],"2":[0,0],"3":[0,0],"4":[0,0],"5":[0,0],"6":[0,0],"7":[0,0],"8":[0,0],"9":[0,0],"10":[0,0,0,0,0],"11":[0,0],"12":[0,0],"13":[0,0,0],"14":[0,0],"15":[0,0],"16":[0,0],"17":[0,0,0,0],"18":[0,0],"19":[0,0],"20":[0,0],"21":[0,0],"22":[0,0],"23":[0,0],"24":[0,0],"25":[0,0],"26":[0,0],"27":[0,0],"28":[0,0],"29":[0,0],"30":[0,0],"31":[0,0],"32":[0,0,0],"33":[0,0],"34":[0,0],"35":[0,0],"36":[0,0],"37":[0,0],"38":[0,0],"39":[0,0,0,0,0],"40":[0,0],"41":[0,0],"42":[0,0],"43":[0,0],"44":[0,0],"45":[0,0],"46":[0,0],"47":[0,0],"48":[0,0],"49":[0,0],"50":[0,0],"51":[0,0,0,0,0],"52":[0,0],"53":[0,0],"54":[0,0],"55":[0,0],"56":[0,0],"57":[0,0],"58":[0,0],"59":[0,0],"60":[0,0],"61":[0,0],"62":[0,0],"63":[0,0],"64":[0,0,0,0,0],"65":[0,0],"66":[0,0],"67":[0,0],"68":[0,0],"69":[0,0],"70":[0,0],"71":[0,0],"72":[0,0],"73":[0,0],"74":[0,0],"75":[0,0],"76":[0,0],"77":[0,0],"78":[0,0],"79":[0,0],"80":[0,0],"81":[0,0],"82":[0,0],"83":[0,0],"84":[0,0],"85":[0,0],"86":[0,0]},"f":{"1":1,"2":7,"3":7,"4":1,"5":0,"6":0,"7":0,"8":0,"9":1,"10":0,"11":0,"12":0,"13":0,"14":0,"15":0,"16":0,"17":0,"18":0,"19":0,"20":0,"21":0,"22":0,"23":0,"24":0,"25":0,"26":0,"27":0,"28":0,"29":0,"30":0,"31":0,"32":0,"33":0,"34":0,"35":0,"36":0,"37":0,"38":0,"39":0,"40":0,"41":0,"42":0,"43":0,"44":0,"45":0,"46":0,"47":0,"48":0,"49":0,"50":0,"51":0,"52":1,"53":0,"54":1,"55":0,"56":1,"57":0,"58":1,"59":0,"60":1,"61":0,"62":1,"63":0,"64":1,"65":0,"66":0,"67":0,"68":0,"69":0},"fnMap":{"1":{"name":"(anonymous_1)","line":2,"loc":{"start":{"line":2,"column":1},"end":{"line":2,"column":12}}},"2":{"name":"(anonymous_2)","line":4,"loc":{"start":{"line":4,"column":13},"end":{"line":4,"column":37}}},"3":{"name":"ctor","line":4,"loc":{"start":{"line":4,"column":124},"end":{"line":4,"column":140}}},"4":{"name":"(anonymous_4)","line":7,"loc":{"start":{"line":7,"column":31},"end":{"line":7,"column":42}}},"5":{"name":"XMLHttpRequestEventTarget","line":8,"loc":{"start":{"line":8,"column":4},"end":{"line":8,"column":41}}},"6":{"name":"(anonymous_6)","line":33,"loc":{"start":{"line":33,"column":59},"end":{"line":33,"column":89}}},"7":{"name":"(anonymous_7)","line":41,"loc":{"start":{"line":41,"column":62},"end":{"line":41,"column":92}}},"8":{"name":"(anonymous_8)","line":53,"loc":{"start":{"line":53,"column":56},"end":{"line":53,"column":72}}},"9":{"name":"(anonymous_9)","line":81,"loc":{"start":{"line":81,"column":20},"end":{"line":81,"column":41}}},"10":{"name":"XMLHttpRequest","line":84,"loc":{"start":{"line":84,"column":4},"end":{"line":84,"column":37}}},"11":{"name":"(anonymous_11)","line":130,"loc":{"start":{"line":130,"column":36},"end":{"line":130,"column":81}}},"12":{"name":"(anonymous_12)","line":169,"loc":{"start":{"line":169,"column":48},"end":{"line":169,"column":70}}},"13":{"name":"(anonymous_13)","line":190,"loc":{"start":{"line":190,"column":36},"end":{"line":190,"column":51}}},"14":{"name":"(anonymous_14)","line":211,"loc":{"start":{"line":211,"column":37},"end":{"line":211,"column":48}}},"15":{"name":"(anonymous_15)","line":222,"loc":{"start":{"line":222,"column":49},"end":{"line":222,"column":64}}},"16":{"name":"(anonymous_16)","line":235,"loc":{"start":{"line":235,"column":53},"end":{"line":235,"column":64}}},"17":{"name":"(anonymous_17)","line":240,"loc":{"start":{"line":240,"column":15},"end":{"line":240,"column":26}}},"18":{"name":"(anonymous_18)","line":253,"loc":{"start":{"line":253,"column":48},"end":{"line":253,"column":70}}},"19":{"name":"(anonymous_19)","line":261,"loc":{"start":{"line":261,"column":41},"end":{"line":261,"column":59}}},"20":{"name":"(anonymous_20)","line":282,"loc":{"start":{"line":282,"column":31},"end":{"line":282,"column":49}}},"21":{"name":"(anonymous_21)","line":350,"loc":{"start":{"line":350,"column":46},"end":{"line":350,"column":70}}},"22":{"name":"(anonymous_22)","line":358,"loc":{"start":{"line":358,"column":41},"end":{"line":358,"column":52}}},"23":{"name":"(anonymous_23)","line":365,"loc":{"start":{"line":365,"column":41},"end":{"line":365,"column":56}}},"24":{"name":"(anonymous_24)","line":381,"loc":{"start":{"line":381,"column":48},"end":{"line":381,"column":59}}},"25":{"name":"(anonymous_25)","line":401,"loc":{"start":{"line":401,"column":42},"end":{"line":401,"column":58}}},"26":{"name":"(anonymous_26)","line":402,"loc":{"start":{"line":402,"column":17},"end":{"line":402,"column":28}}},"27":{"name":"(anonymous_27)","line":407,"loc":{"start":{"line":407,"column":30},"end":{"line":407,"column":46}}},"28":{"name":"(anonymous_28)","line":408,"loc":{"start":{"line":408,"column":15},"end":{"line":408,"column":34}}},"29":{"name":"(anonymous_29)","line":412,"loc":{"start":{"line":412,"column":27},"end":{"line":412,"column":43}}},"30":{"name":"(anonymous_30)","line":413,"loc":{"start":{"line":413,"column":15},"end":{"line":413,"column":31}}},"31":{"name":"(anonymous_31)","line":424,"loc":{"start":{"line":424,"column":48},"end":{"line":424,"column":59}}},"32":{"name":"(anonymous_32)","line":435,"loc":{"start":{"line":435,"column":47},"end":{"line":435,"column":75}}},"33":{"name":"(anonymous_33)","line":462,"loc":{"start":{"line":462,"column":33},"end":{"line":462,"column":49}}},"34":{"name":"(anonymous_34)","line":463,"loc":{"start":{"line":463,"column":15},"end":{"line":463,"column":30}}},"35":{"name":"(anonymous_35)","line":467,"loc":{"start":{"line":467,"column":32},"end":{"line":467,"column":48}}},"36":{"name":"(anonymous_36)","line":468,"loc":{"start":{"line":468,"column":15},"end":{"line":468,"column":26}}},"37":{"name":"(anonymous_37)","line":472,"loc":{"start":{"line":472,"column":34},"end":{"line":472,"column":50}}},"38":{"name":"(anonymous_38)","line":473,"loc":{"start":{"line":473,"column":15},"end":{"line":473,"column":26}}},"39":{"name":"(anonymous_39)","line":490,"loc":{"start":{"line":490,"column":51},"end":{"line":490,"column":76}}},"40":{"name":"(anonymous_40)","line":502,"loc":{"start":{"line":502,"column":50},"end":{"line":502,"column":69}}},"41":{"name":"(anonymous_41)","line":514,"loc":{"start":{"line":514,"column":52},"end":{"line":514,"column":71}}},"42":{"name":"(anonymous_42)","line":527,"loc":{"start":{"line":527,"column":46},"end":{"line":527,"column":64}}},"43":{"name":"(anonymous_43)","line":538,"loc":{"start":{"line":538,"column":51},"end":{"line":538,"column":76}}},"44":{"name":"(anonymous_44)","line":549,"loc":{"start":{"line":549,"column":49},"end":{"line":549,"column":69}}},"45":{"name":"(anonymous_45)","line":559,"loc":{"start":{"line":559,"column":41},"end":{"line":559,"column":52}}},"46":{"name":"(anonymous_46)","line":567,"loc":{"start":{"line":567,"column":41},"end":{"line":567,"column":61}}},"47":{"name":"(anonymous_47)","line":597,"loc":{"start":{"line":597,"column":53},"end":{"line":597,"column":72}}},"48":{"name":"(anonymous_48)","line":618,"loc":{"start":{"line":618,"column":46},"end":{"line":618,"column":57}}},"49":{"name":"(anonymous_49)","line":658,"loc":{"start":{"line":658,"column":50},"end":{"line":658,"column":67}}},"50":{"name":"(anonymous_50)","line":670,"loc":{"start":{"line":670,"column":54},"end":{"line":670,"column":65}}},"51":{"name":"(anonymous_51)","line":681,"loc":{"start":{"line":681,"column":46},"end":{"line":681,"column":64}}},"52":{"name":"(anonymous_52)","line":712,"loc":{"start":{"line":712,"column":19},"end":{"line":712,"column":40}}},"53":{"name":"SecurityError","line":715,"loc":{"start":{"line":715,"column":4},"end":{"line":715,"column":29}}},"54":{"name":"(anonymous_54)","line":725,"loc":{"start":{"line":725,"column":23},"end":{"line":725,"column":44}}},"55":{"name":"InvalidStateError","line":728,"loc":{"start":{"line":728,"column":4},"end":{"line":728,"column":33}}},"56":{"name":"(anonymous_56)","line":736,"loc":{"start":{"line":736,"column":23},"end":{"line":736,"column":44}}},"57":{"name":"InvalidStateError","line":739,"loc":{"start":{"line":739,"column":4},"end":{"line":739,"column":33}}},"58":{"name":"(anonymous_58)","line":749,"loc":{"start":{"line":749,"column":18},"end":{"line":749,"column":39}}},"59":{"name":"NetworkError","line":752,"loc":{"start":{"line":752,"column":4},"end":{"line":752,"column":28}}},"60":{"name":"(anonymous_60)","line":762,"loc":{"start":{"line":762,"column":17},"end":{"line":762,"column":38}}},"61":{"name":"SyntaxError","line":765,"loc":{"start":{"line":765,"column":4},"end":{"line":765,"column":27}}},"62":{"name":"(anonymous_62)","line":773,"loc":{"start":{"line":773,"column":19},"end":{"line":773,"column":30}}},"63":{"name":"ProgressEvent","line":774,"loc":{"start":{"line":774,"column":4},"end":{"line":774,"column":33}}},"64":{"name":"(anonymous_64)","line":801,"loc":{"start":{"line":801,"column":26},"end":{"line":801,"column":47}}},"65":{"name":"XMLHttpRequestUpload","line":804,"loc":{"start":{"line":804,"column":4},"end":{"line":804,"column":43}}},"66":{"name":"(anonymous_66)","line":810,"loc":{"start":{"line":810,"column":44},"end":{"line":810,"column":55}}},"67":{"name":"(anonymous_67)","line":816,"loc":{"start":{"line":816,"column":46},"end":{"line":816,"column":61}}},"68":{"name":"(anonymous_68)","line":849,"loc":{"start":{"line":849,"column":54},"end":{"line":849,"column":88}}},"69":{"name":"(anonymous_69)","line":861,"loc":{"start":{"line":861,"column":50},"end":{"line":861,"column":68}}}},"statementMap":{"1":{"start":{"line":2,"column":0},"end":{"line":875,"column":14}},"2":{"start":{"line":3,"column":2},"end":{"line":5,"column":32}},"3":{"start":{"line":4,"column":39},"end":{"line":4,"column":123}},"4":{"start":{"line":4,"column":65},"end":{"line":4,"column":121}},"5":{"start":{"line":4,"column":96},"end":{"line":4,"column":121}},"6":{"start":{"line":4,"column":124},"end":{"line":4,"column":169}},"7":{"start":{"line":4,"column":142},"end":{"line":4,"column":167}},"8":{"start":{"line":4,"column":170},"end":{"line":4,"column":204}},"9":{"start":{"line":4,"column":205},"end":{"line":4,"column":234}},"10":{"start":{"line":4,"column":235},"end":{"line":4,"column":270}},"11":{"start":{"line":4,"column":271},"end":{"line":4,"column":284}},"12":{"start":{"line":7,"column":2},"end":{"line":71,"column":7}},"13":{"start":{"line":8,"column":4},"end":{"line":17,"column":5}},"14":{"start":{"line":9,"column":6},"end":{"line":9,"column":30}},"15":{"start":{"line":10,"column":6},"end":{"line":10,"column":29}},"16":{"start":{"line":11,"column":6},"end":{"line":11,"column":26}},"17":{"start":{"line":12,"column":6},"end":{"line":12,"column":26}},"18":{"start":{"line":13,"column":6},"end":{"line":13,"column":25}},"19":{"start":{"line":14,"column":6},"end":{"line":14,"column":28}},"20":{"start":{"line":15,"column":6},"end":{"line":15,"column":28}},"21":{"start":{"line":16,"column":6},"end":{"line":16,"column":27}},"22":{"start":{"line":19,"column":4},"end":{"line":19,"column":59}},"23":{"start":{"line":21,"column":4},"end":{"line":21,"column":58}},"24":{"start":{"line":23,"column":4},"end":{"line":23,"column":55}},"25":{"start":{"line":25,"column":4},"end":{"line":25,"column":55}},"26":{"start":{"line":27,"column":4},"end":{"line":27,"column":54}},"27":{"start":{"line":29,"column":4},"end":{"line":29,"column":57}},"28":{"start":{"line":31,"column":4},"end":{"line":31,"column":57}},"29":{"start":{"line":33,"column":4},"end":{"line":39,"column":6}},"30":{"start":{"line":34,"column":6},"end":{"line":34,"column":15}},"31":{"start":{"line":35,"column":6},"end":{"line":35,"column":42}},"32":{"start":{"line":36,"column":6},"end":{"line":36,"column":68}},"33":{"start":{"line":37,"column":6},"end":{"line":37,"column":48}},"34":{"start":{"line":38,"column":6},"end":{"line":38,"column":20}},"35":{"start":{"line":41,"column":4},"end":{"line":51,"column":6}},"36":{"start":{"line":42,"column":6},"end":{"line":42,"column":16}},"37":{"start":{"line":43,"column":6},"end":{"line":43,"column":42}},"38":{"start":{"line":44,"column":6},"end":{"line":49,"column":7}},"39":{"start":{"line":45,"column":8},"end":{"line":45,"column":61}},"40":{"start":{"line":46,"column":8},"end":{"line":48,"column":9}},"41":{"start":{"line":47,"column":10},"end":{"line":47,"column":54}},"42":{"start":{"line":50,"column":6},"end":{"line":50,"column":20}},"43":{"start":{"line":53,"column":4},"end":{"line":67,"column":6}},"44":{"start":{"line":54,"column":6},"end":{"line":54,"column":49}},"45":{"start":{"line":55,"column":6},"end":{"line":55,"column":48}},"46":{"start":{"line":56,"column":6},"end":{"line":56,"column":29}},"47":{"start":{"line":57,"column":6},"end":{"line":62,"column":7}},"48":{"start":{"line":58,"column":8},"end":{"line":61,"column":9}},"49":{"start":{"line":59,"column":10},"end":{"line":59,"column":34}},"50":{"start":{"line":60,"column":10},"end":{"line":60,"column":37}},"51":{"start":{"line":63,"column":6},"end":{"line":65,"column":7}},"52":{"start":{"line":64,"column":8},"end":{"line":64,"column":35}},"53":{"start":{"line":66,"column":6},"end":{"line":66,"column":20}},"54":{"start":{"line":69,"column":4},"end":{"line":69,"column":37}},"55":{"start":{"line":73,"column":2},"end":{"line":73,"column":25}},"56":{"start":{"line":75,"column":2},"end":{"line":75,"column":27}},"57":{"start":{"line":77,"column":2},"end":{"line":77,"column":21}},"58":{"start":{"line":79,"column":2},"end":{"line":79,"column":23}},"59":{"start":{"line":81,"column":2},"end":{"line":706,"column":32}},"60":{"start":{"line":82,"column":4},"end":{"line":82,"column":39}},"61":{"start":{"line":84,"column":4},"end":{"line":112,"column":5}},"62":{"start":{"line":85,"column":6},"end":{"line":85,"column":54}},"63":{"start":{"line":86,"column":6},"end":{"line":86,"column":37}},"64":{"start":{"line":87,"column":6},"end":{"line":87,"column":48}},"65":{"start":{"line":88,"column":6},"end":{"line":88,"column":46}},"66":{"start":{"line":89,"column":6},"end":{"line":89,"column":27}},"67":{"start":{"line":90,"column":6},"end":{"line":90,"column":29}},"68":{"start":{"line":91,"column":6},"end":{"line":91,"column":29}},"69":{"start":{"line":92,"column":6},"end":{"line":92,"column":28}},"70":{"start":{"line":93,"column":6},"end":{"line":93,"column":22}},"71":{"start":{"line":94,"column":6},"end":{"line":94,"column":27}},"72":{"start":{"line":95,"column":6},"end":{"line":95,"column":23}},"73":{"start":{"line":96,"column":6},"end":{"line":96,"column":51}},"74":{"start":{"line":97,"column":6},"end":{"line":97,"column":26}},"75":{"start":{"line":98,"column":6},"end":{"line":98,"column":23}},"76":{"start":{"line":99,"column":6},"end":{"line":99,"column":25}},"77":{"start":{"line":100,"column":6},"end":{"line":100,"column":27}},"78":{"start":{"line":101,"column":6},"end":{"line":101,"column":34}},"79":{"start":{"line":102,"column":6},"end":{"line":102,"column":32}},"80":{"start":{"line":103,"column":6},"end":{"line":103,"column":27}},"81":{"start":{"line":104,"column":6},"end":{"line":104,"column":28}},"82":{"start":{"line":105,"column":6},"end":{"line":105,"column":33}},"83":{"start":{"line":106,"column":6},"end":{"line":106,"column":35}},"84":{"start":{"line":107,"column":6},"end":{"line":107,"column":28}},"85":{"start":{"line":108,"column":6},"end":{"line":108,"column":25}},"86":{"start":{"line":109,"column":6},"end":{"line":109,"column":28}},"87":{"start":{"line":110,"column":6},"end":{"line":110,"column":27}},"88":{"start":{"line":111,"column":6},"end":{"line":111,"column":37}},"89":{"start":{"line":114,"column":4},"end":{"line":114,"column":55}},"90":{"start":{"line":116,"column":4},"end":{"line":116,"column":47}},"91":{"start":{"line":118,"column":4},"end":{"line":118,"column":45}},"92":{"start":{"line":120,"column":4},"end":{"line":120,"column":49}},"93":{"start":{"line":122,"column":4},"end":{"line":122,"column":49}},"94":{"start":{"line":124,"column":4},"end":{"line":124,"column":43}},"95":{"start":{"line":126,"column":4},"end":{"line":126,"column":44}},"96":{"start":{"line":128,"column":4},"end":{"line":128,"column":43}},"97":{"start":{"line":130,"column":4},"end":{"line":167,"column":6}},"98":{"start":{"line":131,"column":6},"end":{"line":131,"column":17}},"99":{"start":{"line":132,"column":6},"end":{"line":132,"column":36}},"100":{"start":{"line":133,"column":6},"end":{"line":135,"column":7}},"101":{"start":{"line":134,"column":8},"end":{"line":134,"column":84}},"102":{"start":{"line":136,"column":6},"end":{"line":136,"column":35}},"103":{"start":{"line":137,"column":6},"end":{"line":139,"column":7}},"104":{"start":{"line":138,"column":8},"end":{"line":138,"column":21}},"105":{"start":{"line":140,"column":6},"end":{"line":149,"column":7}},"106":{"start":{"line":144,"column":10},"end":{"line":144,"column":15}},"107":{"start":{"line":145,"column":10},"end":{"line":145,"column":16}},"108":{"start":{"line":148,"column":10},"end":{"line":148,"column":15}},"109":{"start":{"line":150,"column":6},"end":{"line":150,"column":28}},"110":{"start":{"line":151,"column":6},"end":{"line":151,"column":25}},"111":{"start":{"line":152,"column":6},"end":{"line":152,"column":26}},"112":{"start":{"line":153,"column":6},"end":{"line":153,"column":25}},"113":{"start":{"line":154,"column":6},"end":{"line":154,"column":32}},"114":{"start":{"line":155,"column":6},"end":{"line":155,"column":32}},"115":{"start":{"line":156,"column":6},"end":{"line":156,"column":49}},"116":{"start":{"line":157,"column":6},"end":{"line":157,"column":27}},"117":{"start":{"line":158,"column":6},"end":{"line":158,"column":28}},"118":{"start":{"line":159,"column":6},"end":{"line":159,"column":22}},"119":{"start":{"line":160,"column":6},"end":{"line":160,"column":27}},"120":{"start":{"line":161,"column":6},"end":{"line":161,"column":31}},"121":{"start":{"line":162,"column":6},"end":{"line":162,"column":35}},"122":{"start":{"line":163,"column":6},"end":{"line":163,"column":28}},"123":{"start":{"line":164,"column":6},"end":{"line":164,"column":27}},"124":{"start":{"line":165,"column":6},"end":{"line":165,"column":37}},"125":{"start":{"line":166,"column":6},"end":{"line":166,"column":20}},"126":{"start":{"line":169,"column":4},"end":{"line":188,"column":6}},"127":{"start":{"line":170,"column":6},"end":{"line":170,"column":22}},"128":{"start":{"line":171,"column":6},"end":{"line":173,"column":7}},"129":{"start":{"line":172,"column":8},"end":{"line":172,"column":69}},"130":{"start":{"line":174,"column":6},"end":{"line":174,"column":39}},"131":{"start":{"line":175,"column":6},"end":{"line":178,"column":7}},"132":{"start":{"line":176,"column":8},"end":{"line":176,"column":70}},"133":{"start":{"line":177,"column":8},"end":{"line":177,"column":22}},"134":{"start":{"line":179,"column":6},"end":{"line":179,"column":31}},"135":{"start":{"line":180,"column":6},"end":{"line":186,"column":7}},"136":{"start":{"line":181,"column":8},"end":{"line":181,"column":49}},"137":{"start":{"line":182,"column":8},"end":{"line":182,"column":65}},"138":{"start":{"line":184,"column":8},"end":{"line":184,"column":49}},"139":{"start":{"line":185,"column":8},"end":{"line":185,"column":36}},"140":{"start":{"line":187,"column":6},"end":{"line":187,"column":20}},"141":{"start":{"line":190,"column":4},"end":{"line":209,"column":6}},"142":{"start":{"line":191,"column":6},"end":{"line":193,"column":7}},"143":{"start":{"line":192,"column":8},"end":{"line":192,"column":69}},"144":{"start":{"line":194,"column":6},"end":{"line":196,"column":7}},"145":{"start":{"line":195,"column":8},"end":{"line":195,"column":61}},"146":{"start":{"line":197,"column":6},"end":{"line":207,"column":7}},"147":{"start":{"line":199,"column":10},"end":{"line":199,"column":31}},"148":{"start":{"line":200,"column":10},"end":{"line":200,"column":16}},"149":{"start":{"line":203,"column":10},"end":{"line":203,"column":31}},"150":{"start":{"line":204,"column":10},"end":{"line":204,"column":16}},"151":{"start":{"line":206,"column":10},"end":{"line":206,"column":79}},"152":{"start":{"line":208,"column":6},"end":{"line":208,"column":20}},"153":{"start":{"line":211,"column":4},"end":{"line":220,"column":6}},"154":{"start":{"line":212,"column":6},"end":{"line":214,"column":7}},"155":{"start":{"line":213,"column":8},"end":{"line":213,"column":15}},"156":{"start":{"line":215,"column":6},"end":{"line":215,"column":28}},"157":{"start":{"line":216,"column":6},"end":{"line":216,"column":23}},"158":{"start":{"line":217,"column":6},"end":{"line":217,"column":38}},"159":{"start":{"line":218,"column":6},"end":{"line":218,"column":40}},"160":{"start":{"line":219,"column":6},"end":{"line":219,"column":20}},"161":{"start":{"line":222,"column":4},"end":{"line":233,"column":6}},"162":{"start":{"line":223,"column":6},"end":{"line":223,"column":22}},"163":{"start":{"line":224,"column":6},"end":{"line":226,"column":7}},"164":{"start":{"line":225,"column":8},"end":{"line":225,"column":20}},"165":{"start":{"line":227,"column":6},"end":{"line":227,"column":39}},"166":{"start":{"line":228,"column":6},"end":{"line":232,"column":7}},"167":{"start":{"line":229,"column":8},"end":{"line":229,"column":50}},"168":{"start":{"line":231,"column":8},"end":{"line":231,"column":20}},"169":{"start":{"line":235,"column":4},"end":{"line":251,"column":6}},"170":{"start":{"line":236,"column":6},"end":{"line":236,"column":29}},"171":{"start":{"line":237,"column":6},"end":{"line":239,"column":7}},"172":{"start":{"line":238,"column":8},"end":{"line":238,"column":18}},"173":{"start":{"line":240,"column":6},"end":{"line":249,"column":20}},"174":{"start":{"line":241,"column":8},"end":{"line":241,"column":25}},"175":{"start":{"line":242,"column":8},"end":{"line":242,"column":36}},"176":{"start":{"line":243,"column":8},"end":{"line":243,"column":21}},"177":{"start":{"line":244,"column":8},"end":{"line":247,"column":9}},"178":{"start":{"line":245,"column":10},"end":{"line":245,"column":28}},"179":{"start":{"line":246,"column":10},"end":{"line":246,"column":44}},"180":{"start":{"line":248,"column":8},"end":{"line":248,"column":23}},"181":{"start":{"line":250,"column":6},"end":{"line":250,"column":32}},"182":{"start":{"line":253,"column":4},"end":{"line":259,"column":6}},"183":{"start":{"line":254,"column":6},"end":{"line":256,"column":7}},"184":{"start":{"line":255,"column":8},"end":{"line":255,"column":89}},"185":{"start":{"line":257,"column":6},"end":{"line":257,"column":53}},"186":{"start":{"line":258,"column":6},"end":{"line":258,"column":20}},"187":{"start":{"line":261,"column":4},"end":{"line":280,"column":6}},"188":{"start":{"line":262,"column":6},"end":{"line":262,"column":29}},"189":{"start":{"line":263,"column":6},"end":{"line":265,"column":7}},"190":{"start":{"line":264,"column":8},"end":{"line":264,"column":49}},"191":{"start":{"line":266,"column":6},"end":{"line":268,"column":7}},"192":{"start":{"line":267,"column":8},"end":{"line":267,"column":51}},"193":{"start":{"line":269,"column":6},"end":{"line":278,"column":7}},"194":{"start":{"line":270,"column":8},"end":{"line":270,"column":34}},"195":{"start":{"line":271,"column":8},"end":{"line":276,"column":9}},"196":{"start":{"line":272,"column":10},"end":{"line":272,"column":54}},"197":{"start":{"line":273,"column":10},"end":{"line":275,"column":11}},"198":{"start":{"line":274,"column":12},"end":{"line":274,"column":69}},"199":{"start":{"line":277,"column":8},"end":{"line":277,"column":37}},"200":{"start":{"line":279,"column":6},"end":{"line":279,"column":20}},"201":{"start":{"line":282,"column":4},"end":{"line":285,"column":6}},"202":{"start":{"line":283,"column":6},"end":{"line":283,"column":50}},"203":{"start":{"line":284,"column":6},"end":{"line":284,"column":20}},"204":{"start":{"line":287,"column":4},"end":{"line":287,"column":40}},"205":{"start":{"line":289,"column":4},"end":{"line":289,"column":30}},"206":{"start":{"line":291,"column":4},"end":{"line":291,"column":40}},"207":{"start":{"line":293,"column":4},"end":{"line":293,"column":30}},"208":{"start":{"line":295,"column":4},"end":{"line":295,"column":50}},"209":{"start":{"line":297,"column":4},"end":{"line":297,"column":40}},"210":{"start":{"line":299,"column":4},"end":{"line":299,"column":41}},"211":{"start":{"line":301,"column":4},"end":{"line":301,"column":31}},"212":{"start":{"line":303,"column":4},"end":{"line":303,"column":38}},"213":{"start":{"line":305,"column":4},"end":{"line":305,"column":28}},"214":{"start":{"line":307,"column":4},"end":{"line":307,"column":64}},"215":{"start":{"line":309,"column":4},"end":{"line":309,"column":66}},"216":{"start":{"line":311,"column":4},"end":{"line":311,"column":50}},"217":{"start":{"line":313,"column":4},"end":{"line":317,"column":6}},"218":{"start":{"line":319,"column":4},"end":{"line":341,"column":6}},"219":{"start":{"line":343,"column":4},"end":{"line":346,"column":6}},"220":{"start":{"line":348,"column":4},"end":{"line":348,"column":171}},"221":{"start":{"line":350,"column":4},"end":{"line":356,"column":6}},"222":{"start":{"line":351,"column":6},"end":{"line":351,"column":16}},"223":{"start":{"line":352,"column":6},"end":{"line":352,"column":38}},"224":{"start":{"line":353,"column":6},"end":{"line":353,"column":52}},"225":{"start":{"line":354,"column":6},"end":{"line":354,"column":32}},"226":{"start":{"line":355,"column":6},"end":{"line":355,"column":20}},"227":{"start":{"line":358,"column":4},"end":{"line":363,"column":6}},"228":{"start":{"line":359,"column":6},"end":{"line":361,"column":7}},"229":{"start":{"line":360,"column":8},"end":{"line":360,"column":70}},"230":{"start":{"line":362,"column":6},"end":{"line":362,"column":56}},"231":{"start":{"line":365,"column":4},"end":{"line":379,"column":6}},"232":{"start":{"line":366,"column":6},"end":{"line":368,"column":7}},"233":{"start":{"line":367,"column":8},"end":{"line":367,"column":70}},"234":{"start":{"
[...]
"      }","      request = hxxp.request({","        hostname: this._url.hostname,","        port: this._url.port,","        path: this._url.path,","        auth: this._url.auth,","        method: this._method,","        headers: this._headers,","        agent: agent","      });","      this._request = request;","      if (this.timeout) {","        request.setTimeout(this.timeout, (function(_this) {","          return function() {","            return _this._onHttpTimeout(request);","          };","        })(this));","      }","      request.on('response', (function(_this) {","        return function(response) {","          return _this._onHttpResponse(request, response);","        };","      })(this));","      request.on('error', (function(_this) {","        return function(error) {","          return _this._onHttpRequestError(request, error);","        };","      })(this));","      this.upload._startUpload(request);","      if (this._request === request) {","        this._dispatchProgress('loadstart');","      }","      return void 0;","    };","","    XMLHttpRequest.prototype._finalizeHeaders = function() {","      this._headers['Connection'] = 'keep-alive';","      this._headers['Host'] = this._url.host;","      if (this._anonymous) {","        this._headers['Referer'] = 'about:blank';","      }","      this._headers['User-Agent'] = this._userAgent;","      this.upload._finalizeHeaders(this._headers, this._loweredHeaders);","      return void 0;","    };","","    XMLHttpRequest.prototype._onHttpResponse = function(request, response) {","      var lengthString;","      if (this._request !== request) {","        return;","      }","      switch (response.statusCode) {","        case 301:","        case 302:","        case 303:","        case 307:","        case 308:","          this._url = this._parseUrl(response.headers['location']);","          this._method = 'GET';","          if ('content-type' in this._loweredHeaders) {","            delete this._headers[this._loweredHeaders['content-type']];","            delete this._loweredHeaders['content-type'];","          }","          if ('Content-Type' in this._headers) {","            delete this._headers['Content-Type'];","          }","          delete this._headers['Content-Length'];","          this.upload._reset();","          this._finalizeHeaders();","          this._sendHxxpRequest();","          return;","      }","      this._response = response;","      this._response.on('data', (function(_this) {","        return function(data) {","          return _this._onHttpResponseData(response, data);","        };","      })(this));","      this._response.on('end', (function(_this) {","        return function() {","          return _this._onHttpResponseEnd(response);","        };","      })(this));","      this._response.on('close', (function(_this) {","        return function() {","          return _this._onHttpResponseClose(response);","        };","      })(this));","      this.responseURL = this._url.href.split('#')[0];","      this.status = this._response.statusCode;","      this.statusText = http.STATUS_CODES[this.status];","      this._parseResponseHeaders(response);","      if (lengthString = this._responseHeaders['content-length']) {","        this._totalBytes = parseInt(lengthString);","        this._lengthComputable = true;","      } else {","        this._lengthComputable = false;","      }","      return this._setReadyState(XMLHttpRequest.HEADERS_RECEIVED);","    };","","    XMLHttpRequest.prototype._onHttpResponseData = function(response, data) {","      if (this._response !== response) {","        return;","      }","      this._responseParts.push(data);","      this._loadedBytes += data.length;","      if (this.readyState !== XMLHttpRequest.LOADING) {","        this._setReadyState(XMLHttpRequest.LOADING);","      }","      return this._dispatchProgress('progress');","    };","","    XMLHttpRequest.prototype._onHttpResponseEnd = function(response) {","      if (this._response !== response) {","        return;","      }","      this._parseResponse();","      this._request = null;","      this._response = null;","      this._setReadyState(XMLHttpRequest.DONE);","      this._dispatchProgress('load');","      return this._dispatchProgress('loadend');","    };","","    XMLHttpRequest.prototype._onHttpResponseClose = function(response) {","      var request;","      if (this._response !== response) {","        return;","      }","      request = this._request;","      this._setError();","      request.abort();","      this._setReadyState(XMLHttpRequest.DONE);","      this._dispatchProgress('error');","      return this._dispatchProgress('loadend');","    };","","    XMLHttpRequest.prototype._onHttpTimeout = function(request) {","      if (this._request !== request) {","        return;","      }","      this._setError();","      request.abort();","      this._setReadyState(XMLHttpRequest.DONE);","      this._dispatchProgress('timeout');","      return this._dispatchProgress('loadend');","    };","","    XMLHttpRequest.prototype._onHttpRequestError = function(request, error) {","      if (this._request !== request) {","        return;","      }","      this._setError();","      request.abort();","      this._setReadyState(XMLHttpRequest.DONE);","      this._dispatchProgress('error');","      return this._dispatchProgress('loadend');","    };","","    XMLHttpRequest.prototype._dispatchProgress = function(eventType) {","      var event;","      event = new ProgressEvent(eventType);","      event.lengthComputable = this._lengthComputable;","      event.loaded = this._loadedBytes;","      event.total = this._totalBytes;","      this.dispatchEvent(event);","      return void 0;","    };","","    XMLHttpRequest.prototype._setError = function() {","      this._request = null;","      this._response = null;","      this._responseHeaders = null;","      this._responseParts = null;","      return void 0;","    };","","    XMLHttpRequest.prototype._parseUrl = function(urlString) {","      var absoluteUrlString, index, password, user, xhrUrl;","      if (this.nodejsBaseUrl === null) {","        absoluteUrlString = urlString;","      } else {","        absoluteUrlString = url.resolve(this.nodejsBaseUrl, urlString);","      }","      xhrUrl = url.parse(absoluteUrlString, false, true);","      xhrUrl.hash = null;","      if (xhrUrl.auth && ((typeof user !== \"undefined\" && user !== null) || (typeof password !== \"undefined\" && password !== null))) {","        index = xhrUrl.auth.indexOf(':');","        if (index === -1) {","          if (!user) {","            user = xhrUrl.auth;","          }","        } else {","          if (!user) {","            user = xhrUrl.substring(0, index);","          }","          if (!password) {","            password = xhrUrl.substring(index + 1);","          }","        }","      }","      if (user || password) {","        xhrUrl.auth = user + \":\" + password;","      }","      return xhrUrl;","    };","","    XMLHttpRequest.prototype._parseResponseHeaders = function(response) {","      var loweredName, name, ref, value;","      this._responseHeaders = {};","      ref = response.headers;","      for (name in ref) {","        value = ref[name];","        loweredName = name.toLowerCase();","        if (this._privateHeaders[loweredName]) {","          continue;","        }","        if (this._mimeOverride !== null && loweredName === 'content-type') {","          value = this._mimeOverride;","        }","        this._responseHeaders[loweredName] = value;","      }","      if (this._mimeOverride !== null && !('content-type' in this._responseHeaders)) {","        this._responseHeaders['content-type'] = this._mimeOverride;","      }","      return void 0;","    };","","    XMLHttpRequest.prototype._parseResponse = function() {","      var arrayBuffer, buffer, i, j, jsonError, ref, view;","      if (Buffer.concat) {","        buffer = Buffer.concat(this._responseParts);","      } else {","        buffer = this._concatBuffers(this._responseParts);","      }","      this._responseParts = null;","      switch (this.responseType) {","        case 'text':","          this._parseTextResponse(buffer);","          break;","        case 'json':","          this.responseText = null;","          try {","            this.response = JSON.parse(buffer.toString('utf-8'));","          } catch (error1) {","            jsonError = error1;","            this.response = null;","          }","          break;","        case 'buffer':","          this.responseText = null;","          this.response = buffer;","          break;","        case 'arraybuffer':","          this.responseText = null;","          arrayBuffer = new ArrayBuffer(buffer.length);","          view = new Uint8Array(arrayBuffer);","          for (i = j = 0, ref = buffer.length; 0 <= ref ? j < ref : j > ref; i = 0 <= ref ? ++j : --j) {","            view[i] = buffer[i];","          }","          this.response = arrayBuffer;","          break;","        default:","          this._parseTextResponse(buffer);","      }","      return void 0;","    };","","    XMLHttpRequest.prototype._parseTextResponse = function(buffer) {","      var e;","      try {","        this.responseText = buffer.toString(this._parseResponseEncoding());","      } catch (error1) {","        e = error1;","        this.responseText = buffer.toString('binary');","      }","      this.response = this.responseText;","      return void 0;","    };","","    XMLHttpRequest.prototype._parseResponseEncoding = function() {","      var contentType, encoding, match;","      encoding = null;","      if (contentType = this._responseHeaders['content-type']) {","        if (match = /\\;\\s*charset\\=(.*)$/.exec(contentType)) {","          return match[1];","        }","      }","      return 'utf-8';","    };","","    XMLHttpRequest.prototype._concatBuffers = function(buffers) {","      var buffer, j, k, len, len1, length, target;","      if (buffers.length === 0) {","        return new Buffer(0);","      }","      if (buffers.length === 1) {","        return buffers[0];","      }","      length = 0;","      for (j = 0, len = buffers.length; j < len; j++) {","        buffer = buffers[j];","        length += buffer.length;","      }","      target = new Buffer(length);","      length = 0;","      for (k = 0, len1 = buffers.length; k < len1; k++) {","        buffer = buffers[k];","        buffer.copy(target, length);","        length += buffer.length;","      }","      return target;","    };","","    return XMLHttpRequest;","","  })(XMLHttpRequestEventTarget);","","  module.exports = XMLHttpRequest;","","  XMLHttpRequest.XMLHttpRequest = XMLHttpRequest;","","  SecurityError = (function(superClass) {","    extend(SecurityError, superClass);","","    function SecurityError() {","      SecurityError.__super__.constructor.apply(this, arguments);","    }","","    return SecurityError;","","  })(Error);","","  XMLHttpRequest.SecurityError = SecurityError;","","  InvalidStateError = (function(superClass) {","    extend(InvalidStateError, superClass);","","    function InvalidStateError() {","      InvalidStateError.__super__.constructor.apply(this, arguments);","    }","","    return InvalidStateError;","","  })(Error);","","  InvalidStateError = (function(superClass) {","    extend(InvalidStateError, superClass);","","    function InvalidStateError() {","      return InvalidStateError.__super__.constructor.apply(this, arguments);","    }","","    return InvalidStateError;","","  })(Error);","","  XMLHttpRequest.InvalidStateError = InvalidStateError;","","  NetworkError = (function(superClass) {","    extend(NetworkError, superClass);","","    function NetworkError() {","      NetworkError.__super__.constructor.apply(this, arguments);","    }","","    return NetworkError;","","  })(Error);","","  XMLHttpRequest.SyntaxError = SyntaxError;","","  SyntaxError = (function(superClass) {","    extend(SyntaxError, superClass);","","    function SyntaxError() {","      SyntaxError.__super__.constructor.apply(this, arguments);","    }","","    return SyntaxError;","","  })(Error);","","  ProgressEvent = (function() {","    function ProgressEvent(type) {","      this.type = type;","      this.target = null;","      this.currentTarget = null;","      this.lengthComputable = false;","      this.loaded = 0;","      this.total = 0;","    }","","    ProgressEvent.prototype.bubbles = false;","","    ProgressEvent.prototype.cancelable = false;","","    ProgressEvent.prototype.target = null;","","    ProgressEvent.prototype.loaded = null;","","    ProgressEvent.prototype.lengthComputable = null;","","    ProgressEvent.prototype.total = null;","","    return ProgressEvent;","","  })();","","  XMLHttpRequest.ProgressEvent = ProgressEvent;","","  XMLHttpRequestUpload = (function(superClass) {","    extend(XMLHttpRequestUpload, superClass);","","    function XMLHttpRequestUpload(request) {","      XMLHttpRequestUpload.__super__.constructor.call(this);","      this._request = request;","      this._reset();","    }","","    XMLHttpRequestUpload.prototype._reset = function() {","      this._contentType = null;","      this._body = null;","      return void 0;","    };","","    XMLHttpRequestUpload.prototype._setData = function(data) {","      var body, i, j, k, offset, ref, ref1, view;","      if (typeof data === 'undefined' || data === null) {","        return;","      }","      if (typeof data === 'string') {","        if (data.length !== 0) {","          this._contentType = 'text/plain;charset=UTF-8';","        }","        this._body = new Buffer(data, 'utf8');","      } else if (Buffer.isBuffer(data)) {","        this._body = data;","      } else if (data instanceof ArrayBuffer) {","        body = new Buffer(data.byteLength);","        view = new Uint8Array(data);","        for (i = j = 0, ref = data.byteLength; 0 <= ref ? j < ref : j > ref; i = 0 <= ref ? ++j : --j) {","          body[i] = view[i];","        }","        this._body = body;","      } else if (data.buffer && data.buffer instanceof ArrayBuffer) {","        body = new Buffer(data.byteLength);","        offset = data.byteOffset;","        view = new Uint8Array(data.buffer);","        for (i = k = 0, ref1 = data.byteLength; 0 <= ref1 ? k < ref1 : k > ref1; i = 0 <= ref1 ? ++k : --k) {","          body[i] = view[i + offset];","        }","        this._body = body;","      } else {","        throw new Error(\"Unsupported send() data \" + data);","      }","      return void 0;","    };","","    XMLHttpRequestUpload.prototype._finalizeHeaders = function(headers, loweredHeaders) {","      if (this._contentType) {","        if (!('content-type' in loweredHeaders)) {","          headers['Content-Type'] = this._contentType;","        }","      }","      if (this._body) {","        headers['Content-Length'] = this._body.length.toString();","      }","      return void 0;","    };","","    XMLHttpRequestUpload.prototype._startUpload = function(request) {","      if (this._body) {","        request.write(this._body);","      }","      request.end();","      return void 0;","    };","","    return XMLHttpRequestUpload;","","  })(XMLHttpRequestEventTarget);","","  XMLHttpRequest.XMLHttpRequestUpload = XMLHttpRequestUpload;","","}).call(this);",""],"l":{"2":1,"3":1,"4":10,"7":1,"8":1,"9":0,"10":0,"11":0,"12":0,"13":0,"14":0,"15":0,"16":0,"19":1,"21":1,"23":1,"25":1,"27":1,"29":1,"31":1,"33":1,"34":0,"35":0,"36":0,"37":0,"38":0,"41":1,"42":0,"43":0,"44":0,"45":0,"46":0,"47":0,"50":0,"53":1,"54":0,"55":0,"56":0,"57":0,"58":0,"59":0,"60":0,"63":0,"64":0,"66":0,"69":1,"73":1,"75":1,"77":1,"79":1,"81":1,"82":1,"84":1,"85":0,"86":0,"87":0,"88":0,"89":0,"90":0,"91":0,"92":0,"93":0,"94":0,"95":0,"96":0,"97":0,"98":0,"99":0,"100":0,"101":0,"102":0,"103":0,"104":0,"105":0,"106":0,"107":0,"108":0,"109":0,"110":0,"111":0,"114":1,"116":1,"118":1,"120":1,"122":1,"124":1,"126":1,"128":1,"130":1,"131":0,"132":0,"133":0,"134":0,"136":0,"137":0,"138":0,"140":0,"144":0,"145":0,"148":0,"150":0,"151":0,"152":0,"153":0,"154":0,"155":0,"156":0,"157":0,"158":0,"159":0,"160":0,"161":0,"162":0,"163":0,"164":0,"165":0,"166":0,"169":1,"170":0,"171":0,"172":0,"174":0,"175":0,"176":0,"177":0,"179":0,"180":0,"181":0,"182":0,"184":0,"185":0,"187":0,"190":1,"191":0,"192":0,"194":0,"195":0,"197":0,"199":0,"200":0,"203":0,"204":0,"206":0,"208":0,"211":1,"212":0,"213":0,"215":0,"216":0,"217":0,"218":0,"219":0,"222":1,"223":0,"224":0,"225":0,"227":0,"228":0,"229":0,"231":0,"235":1,"236":0,"237":0,"238":0,"240":0,"241":0,"242":0,"243":0,"244":0,"245":0,"246":0,"248":0,"250":0,"253":1,"254":0,"255":0,"257":0,"258":0,"261":1,"262":0,"263":0,"264":0,"266":0,"267":0,"269":0,"270":0,"271":0,"272":0,"273":0,"274":0,"277":0,"279":0,"282":1,"283":0,"284":0,"287":1,"289":1,"291":1,"293":1,"295":1,"297":1,"299":1,"301":1,"303":1,"305":1,"307":1,"309":1,"311":1,"313":1,"319":1,"343":1,"348":1,"350":1,"351":0,"352":0,"353":0,"354":0,"355":0,"358":1,"359":0,"360":0,"362":0,"365":1,"366":0,"367":0,"369":0,"370":0,"371":0,"373":0,"375":0,"376":0,"377":0,"378":0,"381":1,"382":0,"383":0,"384":0,"385":0,"387":0,"388":0,"390":0,"399":0,"400":0,"401":0,"402":0,"403":0,"407":0,"408":0,"409":0,"412":0,"413":0,"414":0,"417":0,"418":0,"419":0,"421":0,"424":1,"425":0,"426":0,"427":0,"428":0,"430":0,"431":0,"432":0,"435":1,"436":0,"437":0,"438":0,"440":0,"446":0,"447":0,"448":0,"449":0,"450":0,"452":0,"453":0,"455":0,"456":0,"457":0,"458":0,"459":0,"461":0,"462":0,"463":0,"464":0,"467":0,"468":0,"469":0,"472":0,"473":0,"474":0,"477":0,"478":0,"479":0,"480":0,"481":0,"482":0,"483":0,"485":0,"487":0,"490":1,"491":0,"492":0,"494":0,"495":0,"496":0,"497":0,"499":0,"502":1,"503":0,"504":0,"506":0,"507":0,"508":0,"509":0,"510":0,"511":0,"514":1,"515":0,"516":0,"517":0,"519":0,"520":0,"521":0,"522":0,"523":0,"524":0,"527":1,"528":0,"529":0,"531":0,"532":0,"533":0,"534":0,"535":0,"538":1,"539":0,"540":0,"542":0,"543":0,"544":0,"545":0,"546":0,"549":1,"550":0,"551":0,"552":0,"553":0,"554":0,"555":0,"556":0,"559":1,"560":0,"561":0,"562":0,"563":0,"564":0,"567":1,"568":0,"569":0,"570":0,"572":0,"574":0,"575":0,"576":0,"577":0,"578":0,"579":0,"580":0,"583":0,"584":0,"586":0,"587":0,"591":0,"592":0,"594":0,"597":1,"598":0,"599":0,"600":0,"601":0,"602":0,"603":0,"604":0,"605":0,"607":0,"608":0,"610":0,"612":0,"613":0,"615":0,"618":1,"619":0,"620":0,"621":0,"623":0,"625":0,"626":0,"628":0,"629":0,"631":0,"632":0,"633":0,"635":0,"636":0,"638":0,"640":0,"641":0,"642":0,"644":0,"645":0,"646":0,"647":0,"648":0,"650":0,"651":0,"653":0,"655":0,"658":1,"659":0,"660":0,"661":0,"663":0,"664":0,"666":0,"667":0,"670":1,"671":0,"672":0,"673":0,"674":0,"675":0,"678":0,"681":1,"682":0,"683":0,"684":0,"686":0,"687":0,"689":0,"690":0,"691":0,"692":0,"694":0,"695":0,"696":0,"697":0,"698":0,"699":0,"701":0,"704":1,"708":1,"710":1,"712":1,"713":1,"715":1,"716":0,"719":1,"723":1,"725":1,"726":1,"728":1,"729":0,"732":1,"736":1,"737":1,"739":1,"740":0,"743":1,"747":1,"749":1,"750":1,"752":1,"753":0,"756":1,"760":1,"762":1,"763":1,"765":1,"766":0,"769":1,"773":1,"774":1,"775":0,"776":0,"777":0,"778":0,"779":0,"780":0,"783":1,"785":1,"787":1,"789":1,"791":1,"793":1,"795":1,"799":1,"801":1,"802":1,"804":1,"805":0,"806":0,"807":0,"810":1,"811":0,"812":0,"813":0,"816":1,"817":0,"818":0,"819":0,"821":0,"822":0,"823":0,"825":0,"826":0,"827":0,"828":0,"829":0,"830":0,"831":0,"832":0,"834":0,"835":0,"836":0,"837":0,"838":0,"839":0,"840":0,"842":0,"844":0,"846":0,"849":1,"850":0,"851":0,"852":0,"855":0,"856":0,"858":0,"861":1,"862":0,"863":0,"865":0,"866":0,"869":1,"873":1}},"/home/travis/build/npmtest/node-npmtest-xhr2/node_modules/xhr2/lib/browser.js":{"path":"/home/travis/build/npmtest/node-npmtest-xhr2/node_modules/xhr2/lib/browser.js","s":{"1":2},"b":{},"f":{},"fnMap":{},"statementMap":{"1":{"start":{"line":1,"column":0},"end":{"line":1,"column":32}}},"branchMap":{},"code":["module.exports = XMLHttpRequest;",""],"l":{"1":2}}}